INFO:root:Fri, 19 Dec 2014 11:00:51  START
INFO:root:Fri, 19 Dec 2014 11:01:27  START
DEBUG:root:tasks_gen: generating tasks...
INFO:root:Sun, 21 Dec 2014 23:27:11  START
INFO:root:Mon, 22 Dec 2014 00:02:42  START
INFO:root:Mon, 22 Dec 2014 08:05:23  START
INFO:root:Mon, 22 Dec 2014 08:05:32  START
INFO:root:Tue, 23 Dec 2014 00:30:55  START
INFO:root:Tue, 23 Dec 2014 08:11:10  START
INFO:root:Tue, 23 Dec 2014 10:21:32  START
INFO:root:Wed, 27 May 2015 18:47:31  START
DEBUG:root:(2, 70745)
DEBUG:root:[  32.87684802 -112.84284   ]
DEBUG:root:[  34.048668 -111.335701]
DEBUG:root:Grid_adaptiveM: Level 1 size: 10
DEBUG:root:(2, 70745)
DEBUG:root:[  32.87684802 -112.84284   ]
DEBUG:root:[  34.048668 -111.335701]
DEBUG:root:Grid_adaptiveM: Level 1 size: 10
INFO:root:Thu, 25 Feb 2016 19:57:16  START
INFO:root:Thu, 25 Feb 2016 20:20:01  START
INFO:root:Thu, 25 Feb 2016 20:20:01  START
INFO:root:Thu, 25 Feb 2016 20:20:01  START
INFO:root:Thu, 25 Feb 2016 20:20:01  START
INFO:root:Thu, 25 Feb 2016 20:20:01  START
INFO:root:Thu, 25 Feb 2016 20:20:02  START
INFO:root:Thu, 25 Feb 2016 20:20:02  START
DEBUG:root:(2L, 70745L)
DEBUG:root:(2L, 70745L)
DEBUG:root:[  32.87684802 -112.84284   ]
DEBUG:root:[  34.048668 -111.335701]
DEBUG:root:[  32.87684802 -112.84284   ]
DEBUG:root:[  34.048668 -111.335701]
INFO:root:evalGeocast_Baseline
DEBUG:root:Grid_adaptiveM: Level 1 size: 10
INFO:root:evalGeocast_Baseline
DEBUG:root:Grid_adaptiveM: Level 1 size: 10
DEBUG:root:(2L, 70745L)
DEBUG:root:[  32.87684802 -112.84284   ]
DEBUG:root:[  34.048668 -111.335701]
DEBUG:root:(2L, 70745L)
DEBUG:root:[  32.87684802 -112.84284   ]
DEBUG:root:[  34.048668 -111.335701]
DEBUG:root:(2L, 70745L)
DEBUG:root:[  32.87684802 -112.84284   ]
DEBUG:root:[  34.048668 -111.335701]
INFO:root:evalGeocast_Baseline
DEBUG:root:Grid_adaptiveM: Level 1 size: 10
INFO:root:evalGeocast_Baseline
DEBUG:root:Grid_adaptiveM: Level 1 size: 10
INFO:root:evalGeocast_Baseline
DEBUG:root:Grid_adaptiveM: Level 1 size: 10
DEBUG:root:(2L, 70745L)
DEBUG:root:[  32.87684802 -112.84284   ]
DEBUG:root:[  34.048668 -111.335701]
DEBUG:root:(2L, 70745L)
DEBUG:root:[  32.87684802 -112.84284   ]
DEBUG:root:[  34.048668 -111.335701]
INFO:root:evalGeocast_Baseline
DEBUG:root:Grid_adaptiveM: Level 1 size: 10
INFO:root:evalGeocast_Baseline
DEBUG:root:Grid_adaptiveM: Level 1 size: 10
DEBUG:root:Grid_adaptiveM: Level 1 size: 10
DEBUG:root:Grid_adaptiveM: Level 1 size: 10
DEBUG:root:Grid_adaptiveM: Level 1 size: 10
DEBUG:root:Grid_adaptiveM: Level 1 size: 10
DEBUG:root:Grid_adaptiveM: Level 1 size: 10
DEBUG:root:Grid_adaptiveM: Level 1 size: 10
DEBUG:root:Grid_adaptiveM: Level 1 size: 11
DEBUG:root:Grid_adaptiveM: Level 1 size: 11
DEBUG:root:Grid_adaptiveM: Level 1 size: 11
DEBUG:root:Grid_adaptiveM: Level 1 size: 11
DEBUG:root:Grid_adaptiveM: Level 1 size: 13
DEBUG:root:Grid_adaptiveM: Level 1 size: 13
DEBUG:root:Grid_adaptiveM: Level 1 size: 13
DEBUG:root:Grid_adaptiveM: Level 1 size: 15
DEBUG:root:Grid_adaptiveM: Level 1 size: 15
DEBUG:root:Grid_adaptiveM: Level 1 size: 16
DEBUG:root:Grid_adaptiveM: Level 1 size: 16
DEBUG:root:Grid_adaptiveM: Level 1 size: 17
INFO:root:Thu, 25 Feb 2016 20:20:21  START
DEBUG:root:(2L, 70745L)
DEBUG:root:[  32.87684802 -112.84284   ]
DEBUG:root:[  34.048668 -111.335701]
INFO:root:evalGeocast_Baseline
DEBUG:root:Grid_adaptiveM: Level 1 size: 10
DEBUG:root:Grid_adaptiveM: Level 1 size: 10
DEBUG:root:Grid_adaptiveM: Level 1 size: 11
DEBUG:root:Grid_adaptiveM: Level 1 size: 13
DEBUG:root:Grid_adaptiveM: Level 1 size: 15
DEBUG:root:Grid_adaptiveM: Level 1 size: 16
DEBUG:root:Grid_adaptiveM: Level 1 size: 17
DEBUG:root:Grid_adaptiveM: Level 1 size: 19
DEBUG:root:Grid_adaptiveM: Level 1 size: 20
DEBUG:root:Grid_adaptiveM: Level 1 size: 21
DEBUG:root:Grid_adaptiveM: Level 1 size: 10
DEBUG:root:Grid_adaptiveM: Level 1 size: 10
DEBUG:root:Grid_adaptiveM: Level 1 size: 11
DEBUG:root:Grid_adaptiveM: Level 1 size: 13
DEBUG:root:Grid_adaptiveM: Level 1 size: 15
DEBUG:root:Grid_adaptiveM: Level 1 size: 16
DEBUG:root:Grid_adaptiveM: Level 1 size: 17
DEBUG:root:Grid_adaptiveM: Level 1 size: 19
DEBUG:root:Grid_adaptiveM: Level 1 size: 20
DEBUG:root:Grid_adaptiveM: Level 1 size: 21
DEBUG:root:Grid_adaptiveM: Level 1 size: 10
DEBUG:root:Grid_adaptiveM: Level 1 size: 10
DEBUG:root:Grid_adaptiveM: Level 1 size: 11
DEBUG:root:Grid_adaptiveM: Level 1 size: 13
DEBUG:root:Grid_adaptiveM: Level 1 size: 15
DEBUG:root:Grid_adaptiveM: Level 1 size: 16
DEBUG:root:Grid_adaptiveM: Level 1 size: 17
DEBUG:root:Grid_adaptiveM: Level 1 size: 19
DEBUG:root:Grid_adaptiveM: Level 1 size: 20
DEBUG:root:Grid_adaptiveM: Level 1 size: 21
DEBUG:root:Grid_adaptiveM: Level 1 size: 10
DEBUG:root:Grid_adaptiveM: Level 1 size: 10
DEBUG:root:Grid_adaptiveM: Level 1 size: 11
DEBUG:root:Grid_adaptiveM: Level 1 size: 13
DEBUG:root:Grid_adaptiveM: Level 1 size: 15
DEBUG:root:Grid_adaptiveM: Level 1 size: 16
DEBUG:root:Grid_adaptiveM: Level 1 size: 17
DEBUG:root:Grid_adaptiveM: Level 1 size: 19
DEBUG:root:Grid_adaptiveM: Level 1 size: 20
DEBUG:root:Grid_adaptiveM: Level 1 size: 21
DEBUG:root:Grid_adaptiveM: Level 1 size: 10
DEBUG:root:Grid_adaptiveM: Level 1 size: 10
DEBUG:root:Grid_adaptiveM: Level 1 size: 11
DEBUG:root:Grid_adaptiveM: Level 1 size: 13
DEBUG:root:Grid_adaptiveM: Level 1 size: 15
DEBUG:root:Grid_adaptiveM: Level 1 size: 16
DEBUG:root:Grid_adaptiveM: Level 1 size: 17
DEBUG:root:Grid_adaptiveM: Level 1 size: 19
DEBUG:root:Grid_adaptiveM: Level 1 size: 20
DEBUG:root:Grid_adaptiveM: Level 1 size: 21
DEBUG:root:Grid_adaptiveM: Level 1 size: 10
DEBUG:root:Grid_adaptiveM: Level 1 size: 10
DEBUG:root:Grid_adaptiveM: Level 1 size: 11
DEBUG:root:Grid_adaptiveM: Level 1 size: 13
DEBUG:root:Grid_adaptiveM: Level 1 size: 15
DEBUG:root:Grid_adaptiveM: Level 1 size: 16
DEBUG:root:Grid_adaptiveM: Level 1 size: 17
DEBUG:root:Grid_adaptiveM: Level 1 size: 19
DEBUG:root:Grid_adaptiveM: Level 1 size: 20
DEBUG:root:Grid_adaptiveM: Level 1 size: 21
DEBUG:root:Grid_adaptiveM: Level 1 size: 10
DEBUG:root:Grid_adaptiveM: Level 1 size: 10
DEBUG:root:Grid_adaptiveM: Level 1 size: 11
DEBUG:root:Grid_adaptiveM: Level 1 size: 13
DEBUG:root:Grid_adaptiveM: Level 1 size: 15
DEBUG:root:Grid_adaptiveM: Level 1 size: 16
DEBUG:root:Grid_adaptiveM: Level 1 size: 17
DEBUG:root:Grid_adaptiveM: Level 1 size: 19
DEBUG:root:Grid_adaptiveM: Level 1 size: 20
DEBUG:root:Grid_adaptiveM: Level 1 size: 21
DEBUG:root:Grid_adaptiveM: Level 1 size: 10
DEBUG:root:Grid_adaptiveM: Level 1 size: 10
DEBUG:root:Grid_adaptiveM: Level 1 size: 11
DEBUG:root:Grid_adaptiveM: Level 1 size: 13
DEBUG:root:Grid_adaptiveM: Level 1 size: 15
DEBUG:root:Grid_adaptiveM: Level 1 size: 16
DEBUG:root:Grid_adaptiveM: Level 1 size: 17
DEBUG:root:Grid_adaptiveM: Level 1 size: 19
DEBUG:root:Grid_adaptiveM: Level 1 size: 20
DEBUG:root:Grid_adaptiveM: Level 1 size: 21
DEBUG:root:Grid_adaptiveM: Level 1 size: 10
DEBUG:root:Grid_adaptiveM: Level 1 size: 10
DEBUG:root:Grid_adaptiveM: Level 1 size: 11
DEBUG:root:Grid_adaptiveM: Level 1 size: 13
DEBUG:root:Grid_adaptiveM: Level 1 size: 15
DEBUG:root:Grid_adaptiveM: Level 1 size: 16
DEBUG:root:Grid_adaptiveM: Level 1 size: 17
DEBUG:root:Grid_adaptiveM: Level 1 size: 19
DEBUG:root:Grid_adaptiveM: Level 1 size: 20
DEBUG:root:Grid_adaptiveM: Level 1 size: 21
DEBUG:root:Grid_adaptiveM: Level 1 size: 10
DEBUG:root:Grid_adaptiveM: Level 1 size: 10
DEBUG:root:Grid_adaptiveM: Level 1 size: 11
DEBUG:root:Grid_adaptiveM: Level 1 size: 13
DEBUG:root:Grid_adaptiveM: Level 1 size: 15
DEBUG:root:Grid_adaptiveM: Level 1 size: 16
DEBUG:root:Grid_adaptiveM: Level 1 size: 17
DEBUG:root:Grid_adaptiveM: Level 1 size: 19
DEBUG:root:Grid_adaptiveM: Level 1 size: 20
DEBUG:root:Grid_adaptiveM: Level 1 size: 21
INFO:root:Thu, 25 Feb 2016 20:28:49  START
DEBUG:root:(2L, 70745L)
DEBUG:root:[  32.87684802 -112.84284   ]
DEBUG:root:[  34.048668 -111.335701]
INFO:root:evalGeocast_MAR
INFO:root:Thu, 25 Feb 2016 20:32:46  START
DEBUG:root:(2L, 70745L)
DEBUG:root:[  32.87684802 -112.84284   ]
DEBUG:root:[  34.048668 -111.335701]
INFO:root:evalGeocast_MAR
INFO:root:Thu, 25 Feb 2016 20:33:33  START
DEBUG:root:(2L, 70745L)
DEBUG:root:[  32.87684802 -112.84284   ]
DEBUG:root:[  34.048668 -111.335701]
INFO:root:evalGeocast_MAR
INFO:root:Thu, 25 Feb 2016 20:34:53  START
DEBUG:root:(2L, 70745L)
DEBUG:root:[  32.87684802 -112.84284   ]
DEBUG:root:[  34.048668 -111.335701]
INFO:root:evalGeocast_MAR
INFO:root:Thu, 25 Feb 2016 20:39:30  START
DEBUG:root:(2L, 70745L)
DEBUG:root:[  32.87684802 -112.84284   ]
DEBUG:root:[  34.048668 -111.335701]
INFO:root:evalGeocast_MAR
DEBUG:root:Grid_adaptiveM: Level 1 size: 10
DEBUG:root:Grid_adaptiveM: Level 1 size: 10
DEBUG:root:Grid_adaptiveM: Level 1 size: 11
DEBUG:root:Grid_adaptiveM: Level 1 size: 13
DEBUG:root:Grid_adaptiveM: Level 1 size: 15
DEBUG:root:Grid_adaptiveM: Level 1 size: 16
DEBUG:root:Grid_adaptiveM: Level 1 size: 17
DEBUG:root:Grid_adaptiveM: Level 1 size: 19
DEBUG:root:Grid_adaptiveM: Level 1 size: 20
DEBUG:root:Grid_adaptiveM: Level 1 size: 21
DEBUG:root:Grid_adaptiveM: Level 1 size: 10
DEBUG:root:Grid_adaptiveM: Level 1 size: 10
DEBUG:root:Grid_adaptiveM: Level 1 size: 11
DEBUG:root:Grid_adaptiveM: Level 1 size: 13
DEBUG:root:Grid_adaptiveM: Level 1 size: 15
DEBUG:root:Grid_adaptiveM: Level 1 size: 16
DEBUG:root:Grid_adaptiveM: Level 1 size: 17
DEBUG:root:Grid_adaptiveM: Level 1 size: 19
DEBUG:root:Grid_adaptiveM: Level 1 size: 20
DEBUG:root:Grid_adaptiveM: Level 1 size: 21
DEBUG:root:Grid_adaptiveM: Level 1 size: 10
DEBUG:root:Grid_adaptiveM: Level 1 size: 10
DEBUG:root:Grid_adaptiveM: Level 1 size: 11
DEBUG:root:Grid_adaptiveM: Level 1 size: 13
DEBUG:root:Grid_adaptiveM: Level 1 size: 15
DEBUG:root:Grid_adaptiveM: Level 1 size: 16
DEBUG:root:Grid_adaptiveM: Level 1 size: 17
DEBUG:root:Grid_adaptiveM: Level 1 size: 19
DEBUG:root:Grid_adaptiveM: Level 1 size: 20
DEBUG:root:Grid_adaptiveM: Level 1 size: 21
DEBUG:root:Grid_adaptiveM: Level 1 size: 10
DEBUG:root:Grid_adaptiveM: Level 1 size: 10
DEBUG:root:Grid_adaptiveM: Level 1 size: 11
DEBUG:root:Grid_adaptiveM: Level 1 size: 13
DEBUG:root:Grid_adaptiveM: Level 1 size: 15
DEBUG:root:Grid_adaptiveM: Level 1 size: 16
DEBUG:root:Grid_adaptiveM: Level 1 size: 17
DEBUG:root:Grid_adaptiveM: Level 1 size: 19
DEBUG:root:Grid_adaptiveM: Level 1 size: 20
DEBUG:root:Grid_adaptiveM: Level 1 size: 21
DEBUG:root:Grid_adaptiveM: Level 1 size: 10
DEBUG:root:Grid_adaptiveM: Level 1 size: 10
DEBUG:root:Grid_adaptiveM: Level 1 size: 11
DEBUG:root:Grid_adaptiveM: Level 1 size: 13
DEBUG:root:Grid_adaptiveM: Level 1 size: 15
DEBUG:root:Grid_adaptiveM: Level 1 size: 16
DEBUG:root:Grid_adaptiveM: Level 1 size: 17
DEBUG:root:Grid_adaptiveM: Level 1 size: 19
DEBUG:root:Grid_adaptiveM: Level 1 size: 20
DEBUG:root:Grid_adaptiveM: Level 1 size: 21
DEBUG:root:Grid_adaptiveM: Level 1 size: 10
DEBUG:root:Grid_adaptiveM: Level 1 size: 10
DEBUG:root:Grid_adaptiveM: Level 1 size: 11
DEBUG:root:Grid_adaptiveM: Level 1 size: 13
DEBUG:root:Grid_adaptiveM: Level 1 size: 15
DEBUG:root:Grid_adaptiveM: Level 1 size: 16
DEBUG:root:Grid_adaptiveM: Level 1 size: 17
DEBUG:root:Grid_adaptiveM: Level 1 size: 19
DEBUG:root:Grid_adaptiveM: Level 1 size: 20
DEBUG:root:Grid_adaptiveM: Level 1 size: 21
DEBUG:root:Grid_adaptiveM: Level 1 size: 10
DEBUG:root:Grid_adaptiveM: Level 1 size: 10
DEBUG:root:Grid_adaptiveM: Level 1 size: 11
DEBUG:root:Grid_adaptiveM: Level 1 size: 13
DEBUG:root:Grid_adaptiveM: Level 1 size: 15
DEBUG:root:Grid_adaptiveM: Level 1 size: 16
DEBUG:root:Grid_adaptiveM: Level 1 size: 17
DEBUG:root:Grid_adaptiveM: Level 1 size: 19
DEBUG:root:Grid_adaptiveM: Level 1 size: 20
DEBUG:root:Grid_adaptiveM: Level 1 size: 21
DEBUG:root:Grid_adaptiveM: Level 1 size: 10
DEBUG:root:Grid_adaptiveM: Level 1 size: 10
DEBUG:root:Grid_adaptiveM: Level 1 size: 11
DEBUG:root:Grid_adaptiveM: Level 1 size: 13
DEBUG:root:Grid_adaptiveM: Level 1 size: 15
DEBUG:root:Grid_adaptiveM: Level 1 size: 16
DEBUG:root:Grid_adaptiveM: Level 1 size: 17
DEBUG:root:Grid_adaptiveM: Level 1 size: 19
DEBUG:root:Grid_adaptiveM: Level 1 size: 20
DEBUG:root:Grid_adaptiveM: Level 1 size: 21
DEBUG:root:Grid_adaptiveM: Level 1 size: 10
DEBUG:root:Grid_adaptiveM: Level 1 size: 10
DEBUG:root:Grid_adaptiveM: Level 1 size: 11
DEBUG:root:Grid_adaptiveM: Level 1 size: 13
DEBUG:root:Grid_adaptiveM: Level 1 size: 15
DEBUG:root:Grid_adaptiveM: Level 1 size: 16
DEBUG:root:Grid_adaptiveM: Level 1 size: 17
DEBUG:root:Grid_adaptiveM: Level 1 size: 19
DEBUG:root:Grid_adaptiveM: Level 1 size: 20
DEBUG:root:Grid_adaptiveM: Level 1 size: 21
DEBUG:root:Grid_adaptiveM: Level 1 size: 10
DEBUG:root:Grid_adaptiveM: Level 1 size: 10
DEBUG:root:Grid_adaptiveM: Level 1 size: 11
DEBUG:root:Grid_adaptiveM: Level 1 size: 13
DEBUG:root:Grid_adaptiveM: Level 1 size: 15
DEBUG:root:Grid_adaptiveM: Level 1 size: 16
DEBUG:root:Grid_adaptiveM: Level 1 size: 17
DEBUG:root:Grid_adaptiveM: Level 1 size: 19
DEBUG:root:Grid_adaptiveM: Level 1 size: 20
DEBUG:root:Grid_adaptiveM: Level 1 size: 21
INFO:root:Thu, 25 Feb 2016 21:21:05  START
DEBUG:root:(2L, 70745L)
DEBUG:root:[  32.87684802 -112.84284   ]
DEBUG:root:[  34.048668 -111.335701]
INFO:root:evalGeocast_MAR
DEBUG:root:Grid_adaptiveM: Level 1 size: 10
DEBUG:root:Grid_adaptiveM: Level 1 size: 10
DEBUG:root:Grid_adaptiveM: Level 1 size: 11
DEBUG:root:Grid_adaptiveM: Level 1 size: 13
DEBUG:root:Grid_adaptiveM: Level 1 size: 15
DEBUG:root:Grid_adaptiveM: Level 1 size: 16
DEBUG:root:Grid_adaptiveM: Level 1 size: 17
DEBUG:root:Grid_adaptiveM: Level 1 size: 19
DEBUG:root:Grid_adaptiveM: Level 1 size: 20
DEBUG:root:Grid_adaptiveM: Level 1 size: 21
DEBUG:root:Grid_adaptiveM: Level 1 size: 10
DEBUG:root:Grid_adaptiveM: Level 1 size: 10
DEBUG:root:Grid_adaptiveM: Level 1 size: 11
DEBUG:root:Grid_adaptiveM: Level 1 size: 13
DEBUG:root:Grid_adaptiveM: Level 1 size: 15
DEBUG:root:Grid_adaptiveM: Level 1 size: 16
DEBUG:root:Grid_adaptiveM: Level 1 size: 17
DEBUG:root:Grid_adaptiveM: Level 1 size: 19
DEBUG:root:Grid_adaptiveM: Level 1 size: 20
DEBUG:root:Grid_adaptiveM: Level 1 size: 21
DEBUG:root:Grid_adaptiveM: Level 1 size: 10
DEBUG:root:Grid_adaptiveM: Level 1 size: 10
DEBUG:root:Grid_adaptiveM: Level 1 size: 11
DEBUG:root:Grid_adaptiveM: Level 1 size: 13
DEBUG:root:Grid_adaptiveM: Level 1 size: 15
DEBUG:root:Grid_adaptiveM: Level 1 size: 16
DEBUG:root:Grid_adaptiveM: Level 1 size: 17
DEBUG:root:Grid_adaptiveM: Level 1 size: 19
DEBUG:root:Grid_adaptiveM: Level 1 size: 20
DEBUG:root:Grid_adaptiveM: Level 1 size: 21
DEBUG:root:Grid_adaptiveM: Level 1 size: 10
DEBUG:root:Grid_adaptiveM: Level 1 size: 10
DEBUG:root:Grid_adaptiveM: Level 1 size: 11
DEBUG:root:Grid_adaptiveM: Level 1 size: 13
DEBUG:root:Grid_adaptiveM: Level 1 size: 15
DEBUG:root:Grid_adaptiveM: Level 1 size: 16
DEBUG:root:Grid_adaptiveM: Level 1 size: 17
DEBUG:root:Grid_adaptiveM: Level 1 size: 19
DEBUG:root:Grid_adaptiveM: Level 1 size: 20
DEBUG:root:Grid_adaptiveM: Level 1 size: 21
DEBUG:root:Grid_adaptiveM: Level 1 size: 10
DEBUG:root:Grid_adaptiveM: Level 1 size: 10
DEBUG:root:Grid_adaptiveM: Level 1 size: 11
DEBUG:root:Grid_adaptiveM: Level 1 size: 13
DEBUG:root:Grid_adaptiveM: Level 1 size: 15
DEBUG:root:Grid_adaptiveM: Level 1 size: 16
DEBUG:root:Grid_adaptiveM: Level 1 size: 17
DEBUG:root:Grid_adaptiveM: Level 1 size: 19
DEBUG:root:Grid_adaptiveM: Level 1 size: 20
DEBUG:root:Grid_adaptiveM: Level 1 size: 21
DEBUG:root:Grid_adaptiveM: Level 1 size: 10
DEBUG:root:Grid_adaptiveM: Level 1 size: 10
DEBUG:root:Grid_adaptiveM: Level 1 size: 11
DEBUG:root:Grid_adaptiveM: Level 1 size: 13
DEBUG:root:Grid_adaptiveM: Level 1 size: 15
DEBUG:root:Grid_adaptiveM: Level 1 size: 16
DEBUG:root:Grid_adaptiveM: Level 1 size: 17
DEBUG:root:Grid_adaptiveM: Level 1 size: 19
DEBUG:root:Grid_adaptiveM: Level 1 size: 20
DEBUG:root:Grid_adaptiveM: Level 1 size: 21
DEBUG:root:Grid_adaptiveM: Level 1 size: 10
DEBUG:root:Grid_adaptiveM: Level 1 size: 10
DEBUG:root:Grid_adaptiveM: Level 1 size: 11
DEBUG:root:Grid_adaptiveM: Level 1 size: 13
DEBUG:root:Grid_adaptiveM: Level 1 size: 15
DEBUG:root:Grid_adaptiveM: Level 1 size: 16
DEBUG:root:Grid_adaptiveM: Level 1 size: 17
DEBUG:root:Grid_adaptiveM: Level 1 size: 19
DEBUG:root:Grid_adaptiveM: Level 1 size: 20
DEBUG:root:Grid_adaptiveM: Level 1 size: 21
DEBUG:root:Grid_adaptiveM: Level 1 size: 10
DEBUG:root:Grid_adaptiveM: Level 1 size: 10
DEBUG:root:Grid_adaptiveM: Level 1 size: 11
DEBUG:root:Grid_adaptiveM: Level 1 size: 13
DEBUG:root:Grid_adaptiveM: Level 1 size: 15
DEBUG:root:Grid_adaptiveM: Level 1 size: 16
DEBUG:root:Grid_adaptiveM: Level 1 size: 17
DEBUG:root:Grid_adaptiveM: Level 1 size: 19
DEBUG:root:Grid_adaptiveM: Level 1 size: 20
DEBUG:root:Grid_adaptiveM: Level 1 size: 21
DEBUG:root:Grid_adaptiveM: Level 1 size: 10
DEBUG:root:Grid_adaptiveM: Level 1 size: 10
DEBUG:root:Grid_adaptiveM: Level 1 size: 11
DEBUG:root:Grid_adaptiveM: Level 1 size: 13
DEBUG:root:Grid_adaptiveM: Level 1 size: 15
DEBUG:root:Grid_adaptiveM: Level 1 size: 16
DEBUG:root:Grid_adaptiveM: Level 1 size: 17
DEBUG:root:Grid_adaptiveM: Level 1 size: 19
DEBUG:root:Grid_adaptiveM: Level 1 size: 20
DEBUG:root:Grid_adaptiveM: Level 1 size: 21
DEBUG:root:Grid_adaptiveM: Level 1 size: 10
DEBUG:root:Grid_adaptiveM: Level 1 size: 10
DEBUG:root:Grid_adaptiveM: Level 1 size: 11
DEBUG:root:Grid_adaptiveM: Level 1 size: 13
DEBUG:root:Grid_adaptiveM: Level 1 size: 15
DEBUG:root:Grid_adaptiveM: Level 1 size: 16
DEBUG:root:Grid_adaptiveM: Level 1 size: 17
DEBUG:root:Grid_adaptiveM: Level 1 size: 19
DEBUG:root:Grid_adaptiveM: Level 1 size: 20
DEBUG:root:Grid_adaptiveM: Level 1 size: 21
INFO:root:Fri, 26 Feb 2016 09:51:05  START
DEBUG:root:(2L, 70745L)
DEBUG:root:[  32.87684802 -112.84284   ]
DEBUG:root:[  34.048668 -111.335701]
INFO:root:evalGeocast_MAR
DEBUG:root:Grid_adaptiveM: Level 1 size: 10
INFO:root:Fri, 26 Feb 2016 09:54:56  START
DEBUG:root:(2L, 70745L)
DEBUG:root:[  32.87684802 -112.84284   ]
DEBUG:root:[  34.048668 -111.335701]
INFO:root:evalGeocast_MAR
DEBUG:root:Grid_adaptiveM: Level 1 size: 10
INFO:root:Fri, 26 Feb 2016 09:56:57  START
DEBUG:root:(2L, 70745L)
DEBUG:root:[  32.87684802 -112.84284   ]
DEBUG:root:[  34.048668 -111.335701]
INFO:root:evalGeocast_MAR
DEBUG:root:Grid_adaptiveM: Level 1 size: 10
INFO:root:Fri, 26 Feb 2016 10:01:47  START
DEBUG:root:(2L, 70745L)
DEBUG:root:[  32.87684802 -112.84284   ]
DEBUG:root:[  34.048668 -111.335701]
INFO:root:evalGeocast_MAR
DEBUG:root:Grid_adaptiveM: Level 1 size: 10
INFO:root:Fri, 26 Feb 2016 10:01:53  START
DEBUG:root:(2L, 70745L)
DEBUG:root:[  32.87684802 -112.84284   ]
DEBUG:root:[  34.048668 -111.335701]
INFO:root:evalGeocast_MAR
DEBUG:root:Grid_adaptiveM: Level 1 size: 10
INFO:root:Fri, 26 Feb 2016 10:05:43  START
DEBUG:root:(2L, 70745L)
DEBUG:root:[  32.87684802 -112.84284   ]
DEBUG:root:[  34.048668 -111.335701]
INFO:root:evalGeocast_MAR
DEBUG:root:Grid_adaptiveM: Level 1 size: 10
