1, 1, 33.4722069 -111.9266186, 19 56 -1 -1 121 78.0
1, 2, 33.524424 -112.116069, 64 54 -1 -1 32 23.0, 65 54 -1 -1 88 102.0
1, 19, 33.3428481 -111.6867973, 34 37 -1 -1 13 -1.0, 35 37 -1 -1 4 -15.0, 4 47 -1 -1 6 -34.0, 11 47 -1 -1 50 7.0, 12 47 -1 -1 5 12.0, 28 37 -1 -1 27 61.0, 27 37 -1 -1 42 -6.0, 22 37 -1 -1 5 5.0, 23 37 -1 -1 1 -7.0, 21 37 -1 -1 5 1.0, 20 37 -1 -1 40 21.0, 29 37 -1 -1 2 6.0, 5 47 -1 -1 7 7.0, 10 47 -1 -1 46 26.0, 9 47 -1 -1 52 23.0, 3 47 -1 -1 12 33.0, 2 47 -1 -1 17 6.0, 33 37 -1 -1 13 11.0, 26 37 -1 -1 145 119.0
1, 1, 33.5025941 -111.9296765, 109 56 -1 -1 514 536.0
1, 2, 33.4806476384 -112.083397147, 69 55 -1 -1 12 -20.0, 70 55 -1 -1 87 110.0
1, 1, 33.6276734 -111.8913574, 51 66 -1 -1 269 233.0
1, 1, 33.3656883 -111.9114168, 37 46 -1 -1 70 113.0
1, 1, 33.349235 -111.821218, 13 46 -1 -1 30 61.0
1, 1, 33.5839581 -111.9788671, 8 65 -1 -1 142 172.0
1, 3, 33.765766 -111.98307, 5 75 -1 -1 38 53.0, 2 75 -1 -1 39 16.0, 4 76 -1 -1 23 0.0
1, 8, 33.4726901927 -111.868286133, 26 56 -1 -1 12 -1.0, 8 56 -1 -1 17 -16.0, 44 56 -1 -1 4 -4.0, 27 56 -1 -1 7 -33.0, 43 56 -1 -1 14 39.0, 42 56 -1 -1 15 -7.0, 41 56 -1 -1 18 -24.0, 45 56 -1 -1 12 33.0
1, 3, 33.671044 -112.117985, 78 64 -1 -1 20 23.0, 79 64 -1 -1 14 -13.0, 88 64 -1 -1 50 104.0
1, 1, 33.5817851 -111.9917837, 7 65 -1 -1 40 49.0
1, 9, 33.4668247 -112.3923715, 52 None -1 -1 41 35.0, 12 53 -1 -1 2 8.0, 13 53 -1 -1 15 10.0, 3 42 -1 -1 83 36.0, 8 43 -1 -1 16 12.0, 9 43 -1 -1 13 1.0, 12 43 -1 -1 97 99.0, 13 43 -1 -1 173 25.0, 1 53 -1 -1 123 94.0
1, 1, 33.4219332 -111.9431045, 246 45 -1 -1 445 447.0
1, 1, 33.4657067 -111.9893425, 15 55 -1 -1 52 93.0
1, 1, 33.637571 -112.0306016, 64 65 -1 -1 32 46.0
1, 2, 33.3183402 -111.8418708, 95 36 -1 -1 52 44.0, 84 36 -1 -1 97 77.0
1, 1, 33.3531542 -111.7952685, 33 46 -1 -1 185 215.0
1, 1, 33.5023881 -111.9172605, 110 56 -1 -1 104 132.0
1, 2, 33.3567734 -111.9648644, 34 45 -1 -1 18 12.0, 33 45 -1 -1 3 75.0
1, 8, 33.280325 -111.681872, 16 37 -1 -1 15 -16.0, 17 37 -1 -1 9 -5.0, 10 37 -1 -1 11 -2.0, 11 37 -1 -1 11 -4.0, 4 37 -1 -1 3 6.0, 5 37 -1 -1 6 4.0, 3 37 -1 -1 10 4.0, 2 37 -1 -1 17 0.0
0, 2, 33.455036 -112.038676, 329 45 -1 -1 11 21.0, 330 45 -1 -1 13 38.0
1, 4, 33.365287 -111.858677, 43 46 -1 -1 25 -42.0, 26 46 -1 -1 12 -20.0, 25 46 -1 -1 13 -64.0, 44 46 -1 -1 39 114.0
1, 1, 33.3785598 -111.9286709, 69 46 -1 -1 61 101.0
1, 1, 33.5095797 -112.0258966, 216 55 -1 -1 315 319.0
1, 1, 33.5478355 -112.0474569, 374 55 -1 -1 73 89.0
1, 5, 33.4958679 -112.1392429, 40 54 -1 -1 16 -5.0, 39 54 -1 -1 22 -15.0, 29 54 -1 -1 27 -24.0, 18 54 -1 -1 27 -10.0, 17 54 -1 -1 18 71.0
1, 4, 33.481966 -111.900024, 40 56 -1 -1 17 31.0, 22 56 -1 -1 14 -12.0, 41 56 -1 -1 18 -24.0, 39 56 -1 -1 87 81.0
1, 1, 33.5801301473 -111.87976891, 4 66 -1 -1 141 131.0
1, 4, 33.421839 -112.031214, 235 45 -1 -1 18 30.0, 254 45 -1 -1 3 -11.0, 255 45 -1 -1 10 -8.0, 253 45 -1 -1 16 53.0
1, 5, 33.34697 -112.0846008, 0 45 -1 -1 4 2.0, 1 45 -1 -1 0 -12.0, 42 35 -1 -1 1 -4.0, 34 None -1 -1 20 -1.0, 35 35 -1 -1 0 0.0
1, 1, 33.638564 -112.3524532, 11 63 -1 -1 133 121.0
1, 1, 33.521758 -112.064615, 256 55 -1 -1 113 111.0
1, 1, 33.5818729 -112.1182988, 8 64 -1 -1 122 123.0
1, 1, 33.3184593 -111.9258211, 88 36 -1 -1 59 61.0
1, 4, 33.7977861 -112.1208278, 15 74 -1 -1 48 64.0, 1 84 -1 -1 114 65.0, 13 74 -1 -1 0 -1.0, 0 84 -1 -1 1 0.0
1, 1, 33.3788385 -111.8120071, 82 46 -1 -1 32 53.0
1, 2, 33.6100382 -112.2402852, 9 63 -1 -1 53 15.0, 40 64 -1 -1 183 187.0
1, 3, 33.4897061 -112.0480028, 121 55 -1 -1 19 -12.0, 122 55 -1 -1 20 -50.0, 98 55 -1 -1 58 85.0
1, 1, 33.4329528809 -111.844932556, 214 46 -1 -1 19 44.0
1, 5, 33.2472729 -111.8430444, 17 36 -1 -1 10 -18.0, 6 36 -1 -1 0 -22.0, 7 36 -1 -1 2 -3.0, 18 36 -1 -1 30 38.0, 5 36 -1 -1 47 37.0
1, 1, 33.5065137 -112.0388443, 191 55 -1 -1 126 118.0
1, 3, 33.3493572 -111.9603174, 16 45 -1 -1 39 25.0, 17 45 -1 -1 31 -6.0, 47 35 -1 -1 158 255.0
1, 1, 33.6340901 -111.9253782, 61 66 -1 -1 190 181.0
1, 2, 33.3175083 -111.7896821, 98 36 -1 -1 23 17.0, 24 37 -1 -1 56 95.0
1, 5, 33.4856272 -112.1343419, 29 54 -1 -1 27 -24.0, 18 54 -1 -1 27 -10.0, 40 54 -1 -1 16 -5.0, 39 54 -1 -1 22 -15.0, 17 54 -1 -1 18 71.0
1, 2, 33.5315927 -112.0992223, 76 54 -1 -1 47 9.0, 65 54 -1 -1 88 102.0
1, 1, 33.3486937095 -111.962606554, 15 45 -1 -1 39 53.0
1, 3, 33.4518585 -111.707131, 45 47 -1 -1 29 40.0, 44 47 -1 -1 21 -4.0, 38 47 -1 -1 38 119.0
1, 1, 33.3055845 -111.9002766, 79 36 -1 -1 118 117.0
1, 5, 33.5768336713 -112.239118, 110 54 -1 -1 7 5.0, 111 54 -1 -1 9 3.0, 35 53 -1 -1 35 39.0, 34 53 -1 -1 21 7.0, 29 53 -1 -1 57 73.0
1, 1, 33.479938 -111.98828, 84 55 -1 -1 56 63.0
1, 1, 33.5025088 -111.9290233, 109 56 -1 -1 514 536.0
1, 1, 33.362719 -111.8761389, 41 46 -1 -1 67 61.0
1, 1, 33.3932413 -111.8550939, 111 46 -1 -1 48 46.0
1, 3, 33.4280294 -111.8936083, 192 46 -1 -1 29 8.0, 193 46 -1 -1 25 -34.0, 175 46 -1 -1 40 70.0
1, 4, 33.578533 -112.152357, 116 54 -1 -1 24 15.0, 117 54 -1 -1 33 -8.0, 115 54 -1 -1 13 -35.0, 5 64 -1 -1 35 45.0
1, 2, 33.3202828 -111.8905969, 91 36 -1 -1 48 29.0, 80 36 -1 -1 93 96.0
1, 5, 33.434116 -112.304277, 14 43 -1 -1 48 83.0, 10 43 -1 -1 4 -56.0, 4 53 -1 -1 79 -2.0, 5 53 -1 -1 35 9.0, 13 43 -1 -1 173 150.0
1, 1, 33.49495 -112.0318117, 146 55 -1 -1 43 43.0
1, 1, 33.4149148 -111.886447, 175 46 -1 -1 40 70.0
1, 1, 33.447646 -112.0950937, 15 44 -1 -1 131 147.0
1, 2, 33.6092708645 -112.237092186, 20 64 -1 -1 40 39.0, 30 64 -1 -1 17 66.0
1, 1, 33.640504 -111.999124, 79 65 -1 -1 75 112.0
1, 1, 33.335923 -111.790094, 120 36 -1 -1 50 60.0
1, 1, 33.4628606 -112.3582291, 1 53 -1 -1 123 129.0
1, 1, 33.6226101 -111.9296783, 48 66 -1 -1 191 178.0
1, 1, 33.3205369 -111.8582011, 93 36 -1 -1 106 112.0
1, 1, 33.38061 -111.753761, 15 47 -1 -1 138 98.0
1, 9, 33.7121163 -112.2020703, 1 74 -1 -1 46 13.0, 92 64 -1 -1 4 -19.0, 94 64 -1 -1 3 -74.0, 93 64 -1 -1 1 -2.0, 82 64 -1 -1 19 -1.0, 81 64 -1 -1 5 -45.0, 83 64 -1 -1 1 -17.0, 80 64 -1 -1 32 -44.0, 95 64 -1 -1 11 0.0
1, 1, 33.4097819 -111.8575439, 162 46 -1 -1 64 63.0
1, 2, 33.389159 -111.806738, 116 46 -1 -1 19 35.0, 99 46 -1 -1 32 54.0
1, 2, 33.5008018 -112.0824532, 162 55 -1 -1 76 29.0, 163 55 -1 -1 94 90.0
1, 1, 33.3901507498 -111.857578084, 111 46 -1 -1 48 46.0
1, 3, 33.5679047 -112.1178872, 107 54 -1 -1 31 20.0, 106 54 -1 -1 55 -2.0, 118 54 -1 -1 99 81.0
1, 4, 33.377625 -111.940074, 113 45 -1 -1 30 40.0, 132 45 -1 -1 22 -2.0, 131 45 -1 -1 29 -34.0, 68 46 -1 -1 73 68.0
1, 1, 33.4939300339 -112.024597605, 147 55 -1 -1 49 42.0
1, 7, 33.2236687 -111.8210866, 3 26 -1 -1 45 22.0, 6 36 -1 -1 0 -22.0, 17 36 -1 -1 10 -18.0, 7 36 -1 -1 2 -3.0, 2 26 -1 -1 52 1.0, 2 27 -1 -1 6 2.0, 9 36 -1 -1 0 74.0
1, 1, 33.42135 -111.924806, 171 46 -1 -1 111 88.0
1, 1, 33.581921143 -111.925835152, 1 66 -1 -1 210 205.0
1, 1, 33.4962205 -111.9641728, 157 55 -1 -1 50 86.0
1, 1, 33.6661217191 -112.204002142, 72 64 -1 -1 61 83.0
1, 1, 33.4217111 -111.9506911, 245 45 -1 -1 270 264.0
1, 1, 33.4375327492 -112.002290017, 276 45 -1 -1 540 507.0
1, 3, 33.446751 -111.98479, 317 45 -1 -1 33 30.0, 336 45 -1 -1 21 -10.0, 335 45 -1 -1 99 76.0
1, 2, 33.4145839 -111.8691924, 177 46 -1 -1 14 -8.0, 160 46 -1 -1 102 72.0
1, 7, 33.2194451 -111.8246605, 3 26 -1 -1 45 22.0, 6 36 -1 -1 0 -22.0, 17 36 -1 -1 10 -18.0, 7 36 -1 -1 2 -3.0, 2 26 -1 -1 52 3.0, 2 27 -1 -1 6 1.0, 9 36 -1 -1 0 74.0
1, 3, 33.575463 -112.051049, 511 55 -1 -1 12 6.0, 510 55 -1 -1 14 -6.0, 488 55 -1 -1 16 57.0
1, 1, 33.497137 -111.927685, 91 56 -1 -1 1396 1403.0
1, 1, 33.4483771 -112.0740373, 305 45 -1 -1 464 457.0
1, 6, 33.604102 -111.71889, 0 67 -1 -1 102 135.0, 2 67 -1 -1 1 1.0, 3 67 -1 -1 0 2.0, 3 57 -1 -1 5 2.0, 2 57 -1 -1 43 10.0, 1 67 -1 -1 31 3.0
1, 3, 33.322668 -111.822674, 96 36 -1 -1 26 4.0, 95 36 -1 -1 52 44.0, 85 36 -1 -1 26 46.0
1, 6, 33.7127743 -112.1414642, 2 74 -1 -1 69 52.0, 6 74 -1 -1 7 -18.0, 94 64 -1 -1 3 -74.0, 96 64 -1 -1 6 -6.0, 93 64 -1 -1 1 -1.0, 95 64 -1 -1 11 0.0
1, 20, 33.5200773 -112.1732428, 59 54 -1 -1 14 -8.0, 48 54 -1 -1 11 -22.0, 58 54 -1 -1 8 -29.0, 37 54 -1 -1 7 2.0, 26 54 -1 -1 5 5.0, 25 54 -1 -1 9 -3.0, 24 54 -1 -1 11 11.0, 23 54 -1 -1 7 2.0, 15 54 -1 -1 13 15.0, 14 54 -1 -1 7 29.0, 13 54 -1 -1 10 2.0, 12 54 -1 -1 33 17.0, 16 54 -1 -1 7 24.0, 17 54 -1 -1 18 60.0, 18 54 -1 -1 27 -9.0, 29 54 -1 -1 27 -24.0, 40 54 -1 -1 16 -5.0, 39 54 -1 -1 22 -15.0, 30 54 -1 -1 38 4.0, 19 54 -1 -1 31 0.0
1, 1, 33.3205302 -111.9299127, 88 36 -1 -1 59 61.0
1, 1, 33.3356167 -111.7583655, 31 37 -1 -1 74 100.0
1, 1, 33.462744 -112.3581958, 12 43 -1 -1 97 99.0
1, 1, 33.5014554 -111.9182019, 92 56 -1 -1 159 198.0
1, 1, 33.394139 -111.755555, 15 47 -1 -1 138 98.0
1, 1, 33.486702 -111.909417, 57 56 -1 -1 93 90.0
1, 1, 33.5275987 -111.9259931, 163 56 -1 -1 183 205.0
1, 1, 33.4643635 -112.2736253, 4 53 -1 -1 79 86.0
1, 1, 33.523753 -112.113105, 64 54 -1 -1 32 101.0
1, 2, 33.265021 -111.686631, 10 37 -1 -1 11 50.0, 9 37 -1 -1 14 39.0
1, 1, 33.6385658 -112.3536498, 11 63 -1 -1 133 133.0
1, 1, 33.4691649 -112.0736819, 25 55 -1 -1 41 99.0
1, 3, 33.6548578 -112.0638772, 86 65 -1 -1 28 19.0, 87 65 -1 -1 12 -1.0, 98 65 -1 -1 10 78.0
1, 1, 33.5818813 -111.9261111, 0 66 -1 -1 243 222.0
1, 1, 33.5790924 -111.8865461, 312 56 -1 -1 31 45.0
1, 2, 33.2748213 -111.8602154, 49 36 -1 -1 34 32.0, 38 36 -1 -1 93 61.0
1, 1, 33.493947 -111.922301, 73 56 -1 -1 1262 1262.0
1, 1, 33.4499779 -112.0738355, 305 45 -1 -1 464 508.0
1, 1, 33.3783141 -111.9223494, 69 46 -1 -1 61 79.0
1, 3, 33.639419 -111.864038, 77 66 -1 -1 8 33.0, 78 66 -1 -1 0 -39.0, 89 66 -1 -1 2 0.0
1, 15, 33.5733051 -111.8629763, 297 56 -1 -1 2 -13.0, 315 56 -1 -1 31 -18.0, 279 56 -1 -1 4 -27.0, 280 56 -1 -1 2 -19.0, 316 56 -1 -1 4 -28.0, 261 56 -1 -1 0 -2.0, 262 56 -1 -1 1 -32.0, 243 56 -1 -1 4 -5.0, 225 56 -1 -1 2 -22.0, 298 56 -1 -1 2 -1.0, 226 56 -1 -1 3 5.0, 244 56 -1 -1 1 6.0, 314 56 -1 -1 6 24.0, 313 56 -1 -1 13 -10.0, 312 56 -1 -1 31 45.0
1, 1, 33.2327553 -111.8574164, 5 36 -1 -1 47 54.0
1, 1, 33.4654529 -112.052224, 5 55 -1 -1 29 61.0
1, 2, 33.394408 -111.718791, 17 47 -1 -1 39 35.0, 18 47 -1 -1 124 137.0
1, 1, 33.6404587 -112.068087, 73 65 -1 -1 65 105.0
0, 4, 33.4065905 -112.0536037, 175 45 -1 -1 2 -24.0, 194 45 -1 -1 1 -5.0, 156 45 -1 -1 4 -51.0, 193 45 -1 -1 2 0.0
1, 1, 33.429348 -111.9090381, 207 46 -1 -1 162 165.0
1, 2, 33.696459 -112.102787, 99 64 -1 -1 20 31.0, 3 74 -1 -1 176 168.0
1, 1, 33.6266157637 -111.925040634, 49 66 -1 -1 367 382.0
1, 1, 33.5324849 -112.2603562, 23 53 -1 -1 166 160.0
1, 2, 33.348448 -111.967297, 15 45 -1 -1 39 40.0, 47 35 -1 -1 158 144.0
1, 3, 33.2886917 -111.8867653, 58 36 -1 -1 19 28.0, 47 36 -1 -1 5 -10.0, 48 36 -1 -1 51 54.0
1, 6, 33.406669 -112.02249, 179 45 -1 -1 36 34.0, 198 45 -1 -1 12 1.0, 178 45 -1 -1 6 2.0, 197 45 -1 -1 7 3.0, 196 45 -1 -1 4 -9.0, 180 45 -1 -1 11 23.0
1, 1, 33.3892 -111.86058, 110 46 -1 -1 38 45.0
1, 8, 33.5726593 -111.7143342, 7 57 -1 -1 18 5.0, 4 57 -1 -1 6 -3.0, 5 57 -1 -1 5 -4.0, 3 57 -1 -1 20 -2.0, 8 57 -1 -1 1 1.0, 1 67 -1 -1 31 8.0, 6 57 -1 -1 21 13.0, 0 67 -1 -1 102 49.0
1, 1, 33.3680425 -111.7561849, 8 47 -1 -1 53 88.0
1, 2, 32.879224 -111.691482, 1 7 -1 -1 28 59.0, 0 7 -1 -1 74 17.0
1, 1, 33.5074894 -112.0475209, 190 55 -1 -1 61 63.0
1, 15, 33.5362437255 -112.185516357, 69 54 -1 -1 10 3.0, 68 54 -1 -1 12 -1.0, 70 54 -1 -1 39 35.0, 58 54 -1 -1 8 4.0, 57 54 -1 -1 7 -1.0, 47 54 -1 -1 11 3.0, 36 54 -1 -1 8 17.0, 37 54 -1 -1 7 -22.0, 25 54 -1 -1 9 4.0, 24 54 -1 -1 11 -2.0, 23 54 -1 -1 7 -13.0, 34 54 -1 -1 9 -2.0, 45 54 -1 -1 6 -2.0, 44 54 -1 -1 5 -1.0, 33 54 -1 -1 6 0.0
1, 2, 33.4345079249 -111.823428869, 216 46 -1 -1 8 -12.0, 233 46 -1 -1 3 0.0
1, 7, 33.698837 -111.888302, 1 76 -1 -1 41 -38.0, 137 66 -1 -1 1 -5.0, 2 76 -1 -1 1 -5.0, 5 76 -1 -1 3 7.0, 6 76 -1 -1 87 27.0, 4 76 -1 -1 23 14.0, 0 76 -1 -1 138 130.0
1, 1, 33.4750738 -112.2206019, 12 54 -1 -1 33 49.0
1, 4, 33.6109646187 -112.133413106, 27 64 -1 -1 28 34.0, 26 64 -1 -1 22 -24.0, 25 64 -1 -1 27 -17.0, 28 64 -1 -1 30 58.0
1, 3, 33.4802944 -112.0318284, 77 55 -1 -1 48 41.0, 76 55 -1 -1 23 -1.0, 78 55 -1 -1 29 131.0
1, 1, 33.595333851 -111.799641659, 23 66 -1 -1 6 82.0
1, 1, 33.299715 -111.951678, 34 35 -1 -1 85 156.0
1, 1, 33.3792725 -111.6910475, 18 47 -1 -1 124 137.0
1, 2, 33.321342 -111.982554, 39 35 -1 -1 71 47.0, 40 35 -1 -1 268 273.0
1, 2, 33.6071604 -112.0632597, 26 65 -1 -1 44 24.0, 25 65 -1 -1 50 63.0
1, 1, 33.4878314 -112.0304322, 100 55 -1 -1 49 47.0
1, 1, 33.4576585 -112.0723168, 344 45 -1 -1 310 312.0
1, 1, 33.335776 -111.875778, 114 36 -1 -1 122 85.0
1, 2, 33.3836411 -111.7381072, 16 47 -1 -1 58 30.0, 15 47 -1 -1 138 102.0
1, 2, 33.393499 -111.900051, 106 46 -1 -1 29 40.0, 105 46 -1 -1 79 100.0
1, 1, 33.3180465 -111.9759674, 40 35 -1 -1 268 273.0
1, 1, 33.5686041 -111.8872046, 294 56 -1 -1 79 67.0
1, 1, 33.5173991 -112.0824683, 231 55 -1 -1 58 57.0
1, 7, 33.234236 -111.820182, 8 36 -1 -1 1 4.0, 9 36 -1 -1 0 -21.0, 19 36 -1 -1 2 -47.0, 3 26 -1 -1 45 -1.0, 6 36 -1 -1 0 -2.0, 17 36 -1 -1 10 -2.0, 2 26 -1 -1 52 0.0
1, 5, 33.6528381 -112.2386168, 60 64 -1 -1 41 40.0, 19 63 -1 -1 27 -2.0, 24 63 -1 -1 13 -3.0, 23 63 -1 -1 11 -40.0, 50 64 -1 -1 64 58.0
1, 1, 33.317906 -111.964138, 40 35 -1 -1 268 273.0
1, 1, 33.4493843 -112.0731077, 306 45 -1 -1 465 442.0
1, 2, 33.6546933 -112.0981494, 69 64 -1 -1 34 25.0, 59 64 -1 -1 40 101.0
1, 1, 33.5785774 -111.880463, 312 56 -1 -1 31 45.0
1, 3, 33.379066 -111.8777136, 74 46 -1 -1 46 40.0, 73 46 -1 -1 37 -3.0, 57 46 -1 -1 22 42.0
1, 1, 33.479977 -112.00354, 82 55 -1 -1 102 137.0
1, 1, 33.45894453 -112.072181313, 344 45 -1 -1 310 312.0
1, 1, 33.3050269 -111.998627, 32 35 -1 -1 142 126.0
1, 1, 33.5735301 -112.1257408, 118 54 -1 -1 99 98.0
1, 1, 33.3031566 -111.7410851, 19 37 -1 -1 114 123.0
1, 2, 33.3897936 -111.8529803, 111 46 -1 -1 48 5.0, 110 46 -1 -1 38 45.0
0, 2, 33.79029 -112.828974, 70 None -1 -1 0 17.0, 80 None -1 -1 3 -1.0
1, 8, 33.4600062 -112.1346135, 14 44 -1 -1 69 72.0, 8 54 -1 -1 23 -27.0, 19 54 -1 -1 31 -8.0, 20 54 -1 -1 51 -32.0, 6 54 -1 -1 19 -38.0, 10 44 -1 -1 30 -11.0, 18 54 -1 -1 27 -70.0, 7 54 -1 -1 41 105.0
1, 1, 33.6411514 -112.2193658, 51 64 -1 -1 63 54.0
1, 1, 33.581036 -111.878994, 4 66 -1 -1 141 134.0
1, 1, 33.590152 -111.960174, 22 65 -1 -1 47 71.0
1, 2, 33.517587 -112.064795, 233 55 -1 -1 41 25.0, 256 55 -1 -1 113 113.0
1, 1, 33.4354634 -112.0069893, 276 45 -1 -1 540 600.0
1, 1, 33.4501973 -112.0738185, 305 45 -1 -1 464 508.0
1, 1, 33.6234604141 -111.926204899, 48 66 -1 -1 191 218.0
1, 1, 33.3060593 -111.8754725, 81 36 -1 -1 95 96.0
1, 1, 33.3060616 -111.8748501, 81 36 -1 -1 95 96.0
1, 1, 33.5829855 -112.1705029, 4 64 -1 -1 25 230.0
1, 1, 33.426962 -111.905026, 190 46 -1 -1 102 92.0
1, 1, 33.406716 -111.926727, 137 46 -1 -1 71 78.0
0, 1, 33.5635997 -112.0828883, 437 55 -1 -1 12 42.0
1, 5, 33.4660935 -112.1179736, 8 54 -1 -1 23 -27.0, 19 54 -1 -1 31 -8.0, 20 54 -1 -1 51 -32.0, 18 54 -1 -1 27 -70.0, 9 54 -1 -1 26 85.0
1, 3, 33.3720573 -111.9631837, 91 45 -1 -1 10 -6.0, 72 45 -1 -1 12 -34.0, 90 45 -1 -1 101 88.0
1, 1, 33.6834408 -111.9660359, 129 65 -1 -1 167 185.0
1, 5, 33.538449 -112.1802777, 81 54 -1 -1 118 1.0, 70 54 -1 -1 39 35.0, 69 54 -1 -1 10 3.0, 68 54 -1 -1 12 -1.0, 92 54 -1 -1 21 27.0
1, 2, 33.318093 -111.982438, 39 35 -1 -1 71 47.0, 32 35 -1 -1 142 126.0
1, 2, 33.289589 -111.876912, 59 36 -1 -1 19 43.0, 70 36 -1 -1 30 52.0
1, 1, 33.624662 -111.943525, 59 65 -1 -1 70 95.0
1, 1, 33.635712 -112.203594, 42 64 -1 -1 60 49.0
1, 1, 33.3924845 -111.7867204, 14 47 -1 -1 64 85.0
1, 1, 33.3056416 -111.9451182, 34 35 -1 -1 85 156.0
1, 1, 33.5825532 -111.9301931, 0 66 -1 -1 243 222.0
1, 1, 33.5025941 -111.9296765, 109 56 -1 -1 514 533.0
1, 1, 33.4231407 -111.9307165, 187 46 -1 -1 179 175.0
1, 2, 33.4001439 -111.9566197, 168 45 -1 -1 36 29.0, 149 45 -1 -1 26 71.0
1, 1, 33.3208924 -111.9686252, 40 35 -1 -1 268 273.0
1, 2, 33.567216 -112.065588, 463 55 -1 -1 38 17.0, 462 55 -1 -1 50 48.0
1, 3, 33.4221542 -111.8660529, 195 46 -1 -1 31 9.0, 194 46 -1 -1 11 -5.0, 212 46 -1 -1 28 42.0
1, 1, 33.6397913 -112.2245556, 51 64 -1 -1 63 54.0
1, 1, 33.3931628 -111.9080584, 105 46 -1 -1 79 100.0
1, 1, 33.3354982 -111.77022, 30 37 -1 -1 88 81.0
1, 1, 33.4722069 -111.9266186, 19 56 -1 -1 121 78.0
1, 2, 33.524424 -112.116069, 64 54 -1 -1 32 23.0, 65 54 -1 -1 88 102.0
1, 19, 33.3428481 -111.6867973, 34 37 -1 -1 13 -1.0, 35 37 -1 -1 4 -15.0, 4 47 -1 -1 6 -34.0, 11 47 -1 -1 50 7.0, 12 47 -1 -1 5 12.0, 28 37 -1 -1 27 61.0, 27 37 -1 -1 42 -6.0, 22 37 -1 -1 5 5.0, 23 37 -1 -1 1 -7.0, 21 37 -1 -1 5 1.0, 20 37 -1 -1 40 21.0, 29 37 -1 -1 2 6.0, 5 47 -1 -1 7 7.0, 10 47 -1 -1 46 26.0, 9 47 -1 -1 52 23.0, 3 47 -1 -1 12 33.0, 2 47 -1 -1 17 6.0, 33 37 -1 -1 13 11.0, 26 37 -1 -1 145 119.0
1, 1, 33.5025941 -111.9296765, 109 56 -1 -1 514 536.0
1, 2, 33.4806476384 -112.083397147, 69 55 -1 -1 12 -20.0, 70 55 -1 -1 87 110.0
1, 1, 33.6276734 -111.8913574, 51 66 -1 -1 269 233.0
1, 1, 33.3656883 -111.9114168, 37 46 -1 -1 70 113.0
1, 1, 33.349235 -111.821218, 13 46 -1 -1 30 61.0
1, 1, 33.5839581 -111.9788671, 8 65 -1 -1 142 172.0
1, 3, 33.765766 -111.98307, 5 75 -1 -1 38 53.0, 2 75 -1 -1 39 16.0, 4 76 -1 -1 23 0.0
1, 8, 33.4726901927 -111.868286133, 26 56 -1 -1 12 -1.0, 8 56 -1 -1 17 -16.0, 44 56 -1 -1 4 -4.0, 27 56 -1 -1 7 -33.0, 43 56 -1 -1 14 39.0, 42 56 -1 -1 15 -7.0, 41 56 -1 -1 18 -24.0, 45 56 -1 -1 12 33.0
1, 3, 33.671044 -112.117985, 78 64 -1 -1 20 23.0, 79 64 -1 -1 14 -13.0, 88 64 -1 -1 50 104.0
1, 1, 33.5817851 -111.9917837, 7 65 -1 -1 40 49.0
1, 9, 33.4668247 -112.3923715, 52 None -1 -1 41 35.0, 12 53 -1 -1 2 8.0, 13 53 -1 -1 15 10.0, 3 42 -1 -1 83 36.0, 8 43 -1 -1 16 12.0, 9 43 -1 -1 13 1.0, 12 43 -1 -1 97 99.0, 13 43 -1 -1 173 25.0, 1 53 -1 -1 123 94.0
1, 1, 33.4219332 -111.9431045, 246 45 -1 -1 445 447.0
1, 1, 33.4657067 -111.9893425, 15 55 -1 -1 52 93.0
1, 1, 33.637571 -112.0306016, 64 65 -1 -1 32 46.0
1, 2, 33.3183402 -111.8418708, 95 36 -1 -1 52 44.0, 84 36 -1 -1 97 77.0
1, 1, 33.3531542 -111.7952685, 33 46 -1 -1 185 215.0
1, 1, 33.5023881 -111.9172605, 110 56 -1 -1 104 132.0
1, 2, 33.3567734 -111.9648644, 34 45 -1 -1 18 12.0, 33 45 -1 -1 3 75.0
1, 8, 33.280325 -111.681872, 16 37 -1 -1 15 -16.0, 17 37 -1 -1 9 -5.0, 10 37 -1 -1 11 -2.0, 11 37 -1 -1 11 -4.0, 4 37 -1 -1 3 6.0, 5 37 -1 -1 6 4.0, 3 37 -1 -1 10 4.0, 2 37 -1 -1 17 0.0
1, 2, 33.455036 -112.038676, 329 45 -1 -1 11 21.0, 330 45 -1 -1 13 38.0
1, 4, 33.365287 -111.858677, 43 46 -1 -1 25 -42.0, 26 46 -1 -1 12 -20.0, 25 46 -1 -1 13 -64.0, 44 46 -1 -1 39 114.0
1, 1, 33.3785598 -111.9286709, 69 46 -1 -1 61 101.0
1, 1, 33.5095797 -112.0258966, 216 55 -1 -1 315 319.0
1, 1, 33.5478355 -112.0474569, 374 55 -1 -1 73 89.0
1, 5, 33.4958679 -112.1392429, 40 54 -1 -1 16 -5.0, 39 54 -1 -1 22 -15.0, 29 54 -1 -1 27 -24.0, 18 54 -1 -1 27 -10.0, 17 54 -1 -1 18 71.0
1, 4, 33.481966 -111.900024, 40 56 -1 -1 17 31.0, 22 56 -1 -1 14 -12.0, 41 56 -1 -1 18 -24.0, 39 56 -1 -1 87 81.0
1, 1, 33.5801301473 -111.87976891, 4 66 -1 -1 141 131.0
1, 4, 33.421839 -112.031214, 235 45 -1 -1 18 30.0, 254 45 -1 -1 3 -11.0, 255 45 -1 -1 10 -8.0, 253 45 -1 -1 16 53.0
1, 5, 33.34697 -112.0846008, 0 45 -1 -1 4 2.0, 1 45 -1 -1 0 -12.0, 42 35 -1 -1 1 -4.0, 34 None -1 -1 20 -1.0, 35 35 -1 -1 0 0.0
1, 1, 33.638564 -112.3524532, 11 63 -1 -1 133 121.0
1, 1, 33.521758 -112.064615, 256 55 -1 -1 113 111.0
1, 1, 33.5818729 -112.1182988, 8 64 -1 -1 122 123.0
1, 1, 33.3184593 -111.9258211, 88 36 -1 -1 59 61.0
1, 4, 33.7977861 -112.1208278, 15 74 -1 -1 48 64.0, 1 84 -1 -1 114 65.0, 13 74 -1 -1 0 -1.0, 0 84 -1 -1 1 0.0
1, 1, 33.3788385 -111.8120071, 82 46 -1 -1 32 53.0
1, 2, 33.6100382 -112.2402852, 9 63 -1 -1 53 15.0, 40 64 -1 -1 183 187.0
1, 3, 33.4897061 -112.0480028, 121 55 -1 -1 19 -12.0, 122 55 -1 -1 20 -50.0, 98 55 -1 -1 58 85.0
1, 1, 33.4329528809 -111.844932556, 214 46 -1 -1 19 44.0
1, 5, 33.2472729 -111.8430444, 17 36 -1 -1 10 -18.0, 6 36 -1 -1 0 -22.0, 7 36 -1 -1 2 -3.0, 18 36 -1 -1 30 38.0, 5 36 -1 -1 47 37.0
1, 1, 33.5065137 -112.0388443, 191 55 -1 -1 126 118.0
1, 3, 33.3493572 -111.9603174, 16 45 -1 -1 39 25.0, 17 45 -1 -1 31 -6.0, 47 35 -1 -1 158 255.0
1, 1, 33.6340901 -111.9253782, 61 66 -1 -1 190 181.0
1, 2, 33.3175083 -111.7896821, 98 36 -1 -1 23 17.0, 24 37 -1 -1 56 95.0
1, 5, 33.4856272 -112.1343419, 29 54 -1 -1 27 -24.0, 18 54 -1 -1 27 -10.0, 40 54 -1 -1 16 -5.0, 39 54 -1 -1 22 -15.0, 17 54 -1 -1 18 71.0
1, 2, 33.5315927 -112.0992223, 76 54 -1 -1 47 9.0, 65 54 -1 -1 88 102.0
1, 1, 33.3486937095 -111.962606554, 15 45 -1 -1 39 53.0
1, 3, 33.4518585 -111.707131, 45 47 -1 -1 29 40.0, 44 47 -1 -1 21 -4.0, 38 47 -1 -1 38 119.0
1, 1, 33.3055845 -111.9002766, 79 36 -1 -1 118 117.0
1, 5, 33.5768336713 -112.239118, 110 54 -1 -1 7 5.0, 111 54 -1 -1 9 3.0, 35 53 -1 -1 35 39.0, 34 53 -1 -1 21 7.0, 29 53 -1 -1 57 73.0
1, 1, 33.479938 -111.98828, 84 55 -1 -1 56 63.0
1, 1, 33.5025088 -111.9290233, 109 56 -1 -1 514 536.0
1, 1, 33.362719 -111.8761389, 41 46 -1 -1 67 61.0
1, 1, 33.3932413 -111.8550939, 111 46 -1 -1 48 46.0
1, 3, 33.4280294 -111.8936083, 192 46 -1 -1 29 8.0, 193 46 -1 -1 25 -34.0, 175 46 -1 -1 40 70.0
1, 4, 33.578533 -112.152357, 116 54 -1 -1 24 15.0, 117 54 -1 -1 33 -8.0, 115 54 -1 -1 13 -35.0, 5 64 -1 -1 35 45.0
1, 2, 33.3202828 -111.8905969, 91 36 -1 -1 48 29.0, 80 36 -1 -1 93 96.0
1, 5, 33.434116 -112.304277, 14 43 -1 -1 48 83.0, 10 43 -1 -1 4 -56.0, 4 53 -1 -1 79 -2.0, 5 53 -1 -1 35 9.0, 13 43 -1 -1 173 150.0
1, 1, 33.49495 -112.0318117, 146 55 -1 -1 43 43.0
1, 1, 33.4149148 -111.886447, 175 46 -1 -1 40 70.0
1, 1, 33.447646 -112.0950937, 15 44 -1 -1 131 147.0
1, 2, 33.6092708645 -112.237092186, 20 64 -1 -1 40 39.0, 30 64 -1 -1 17 66.0
1, 1, 33.640504 -111.999124, 79 65 -1 -1 75 112.0
1, 1, 33.335923 -111.790094, 120 36 -1 -1 50 60.0
1, 1, 33.4628606 -112.3582291, 1 53 -1 -1 123 129.0
1, 1, 33.6226101 -111.9296783, 48 66 -1 -1 191 178.0
1, 1, 33.3205369 -111.8582011, 93 36 -1 -1 106 112.0
1, 1, 33.38061 -111.753761, 15 47 -1 -1 138 98.0
1, 9, 33.7121163 -112.2020703, 1 74 -1 -1 46 13.0, 92 64 -1 -1 4 -19.0, 94 64 -1 -1 3 -74.0, 93 64 -1 -1 1 -2.0, 82 64 -1 -1 19 -1.0, 81 64 -1 -1 5 -45.0, 83 64 -1 -1 1 -17.0, 80 64 -1 -1 32 -44.0, 95 64 -1 -1 11 0.0
1, 1, 33.4097819 -111.8575439, 162 46 -1 -1 64 63.0
1, 2, 33.389159 -111.806738, 116 46 -1 -1 19 35.0, 99 46 -1 -1 32 54.0
1, 2, 33.5008018 -112.0824532, 162 55 -1 -1 76 29.0, 163 55 -1 -1 94 90.0
1, 1, 33.3901507498 -111.857578084, 111 46 -1 -1 48 46.0
1, 3, 33.5679047 -112.1178872, 107 54 -1 -1 31 20.0, 106 54 -1 -1 55 -2.0, 118 54 -1 -1 99 81.0
1, 4, 33.377625 -111.940074, 113 45 -1 -1 30 40.0, 132 45 -1 -1 22 -2.0, 131 45 -1 -1 29 -34.0, 68 46 -1 -1 73 68.0
1, 1, 33.4939300339 -112.024597605, 147 55 -1 -1 49 42.0
1, 7, 33.2236687 -111.8210866, 3 26 -1 -1 45 22.0, 6 36 -1 -1 0 -22.0, 17 36 -1 -1 10 -18.0, 7 36 -1 -1 2 -3.0, 2 26 -1 -1 52 1.0, 2 27 -1 -1 6 2.0, 9 36 -1 -1 0 74.0
1, 1, 33.42135 -111.924806, 171 46 -1 -1 111 88.0
1, 1, 33.581921143 -111.925835152, 1 66 -1 -1 210 205.0
1, 1, 33.4962205 -111.9641728, 157 55 -1 -1 50 86.0
1, 1, 33.6661217191 -112.204002142, 72 64 -1 -1 61 83.0
1, 1, 33.4217111 -111.9506911, 245 45 -1 -1 270 264.0
1, 1, 33.4375327492 -112.002290017, 276 45 -1 -1 540 507.0
1, 3, 33.446751 -111.98479, 317 45 -1 -1 33 30.0, 336 45 -1 -1 21 -10.0, 335 45 -1 -1 99 76.0
1, 2, 33.4145839 -111.8691924, 177 46 -1 -1 14 -8.0, 160 46 -1 -1 102 72.0
1, 7, 33.2194451 -111.8246605, 3 26 -1 -1 45 22.0, 6 36 -1 -1 0 -22.0, 17 36 -1 -1 10 -18.0, 7 36 -1 -1 2 -3.0, 2 26 -1 -1 52 3.0, 2 27 -1 -1 6 1.0, 9 36 -1 -1 0 74.0
1, 3, 33.575463 -112.051049, 511 55 -1 -1 12 6.0, 510 55 -1 -1 14 -6.0, 488 55 -1 -1 16 57.0
1, 1, 33.497137 -111.927685, 91 56 -1 -1 1396 1403.0
1, 1, 33.4483771 -112.0740373, 305 45 -1 -1 464 457.0
1, 6, 33.604102 -111.71889, 0 67 -1 -1 102 135.0, 2 67 -1 -1 1 1.0, 3 67 -1 -1 0 2.0, 3 57 -1 -1 5 2.0, 2 57 -1 -1 43 10.0, 1 67 -1 -1 31 3.0
1, 3, 33.322668 -111.822674, 96 36 -1 -1 26 4.0, 95 36 -1 -1 52 44.0, 85 36 -1 -1 26 46.0
1, 6, 33.7127743 -112.1414642, 2 74 -1 -1 69 52.0, 6 74 -1 -1 7 -18.0, 94 64 -1 -1 3 -74.0, 96 64 -1 -1 6 -6.0, 93 64 -1 -1 1 -1.0, 95 64 -1 -1 11 0.0
1, 20, 33.5200773 -112.1732428, 59 54 -1 -1 14 -8.0, 48 54 -1 -1 11 -22.0, 58 54 -1 -1 8 -29.0, 37 54 -1 -1 7 2.0, 26 54 -1 -1 5 5.0, 25 54 -1 -1 9 -3.0, 24 54 -1 -1 11 11.0, 23 54 -1 -1 7 2.0, 15 54 -1 -1 13 15.0, 14 54 -1 -1 7 29.0, 13 54 -1 -1 10 2.0, 12 54 -1 -1 33 17.0, 16 54 -1 -1 7 24.0, 17 54 -1 -1 18 60.0, 18 54 -1 -1 27 -9.0, 29 54 -1 -1 27 -24.0, 40 54 -1 -1 16 -5.0, 39 54 -1 -1 22 -15.0, 30 54 -1 -1 38 4.0, 19 54 -1 -1 31 0.0
1, 1, 33.3205302 -111.9299127, 88 36 -1 -1 59 61.0
1, 1, 33.3356167 -111.7583655, 31 37 -1 -1 74 100.0
1, 1, 33.462744 -112.3581958, 12 43 -1 -1 97 99.0
1, 1, 33.5014554 -111.9182019, 92 56 -1 -1 159 198.0
1, 1, 33.394139 -111.755555, 15 47 -1 -1 138 98.0
1, 1, 33.486702 -111.909417, 57 56 -1 -1 93 90.0
1, 1, 33.5275987 -111.9259931, 163 56 -1 -1 183 205.0
1, 1, 33.4643635 -112.2736253, 4 53 -1 -1 79 86.0
1, 1, 33.523753 -112.113105, 64 54 -1 -1 32 101.0
0, 2, 33.265021 -111.686631, 10 37 -1 -1 11 50.0, 9 37 -1 -1 14 39.0
1, 1, 33.6385658 -112.3536498, 11 63 -1 -1 133 133.0
1, 1, 33.4691649 -112.0736819, 25 55 -1 -1 41 99.0
1, 3, 33.6548578 -112.0638772, 86 65 -1 -1 28 19.0, 87 65 -1 -1 12 -1.0, 98 65 -1 -1 10 78.0
1, 1, 33.5818813 -111.9261111, 0 66 -1 -1 243 222.0
1, 1, 33.5790924 -111.8865461, 312 56 -1 -1 31 45.0
1, 2, 33.2748213 -111.8602154, 49 36 -1 -1 34 32.0, 38 36 -1 -1 93 61.0
1, 1, 33.493947 -111.922301, 73 56 -1 -1 1262 1262.0
1, 1, 33.4499779 -112.0738355, 305 45 -1 -1 464 508.0
1, 1, 33.3783141 -111.9223494, 69 46 -1 -1 61 79.0
1, 3, 33.639419 -111.864038, 77 66 -1 -1 8 33.0, 78 66 -1 -1 0 -39.0, 89 66 -1 -1 2 0.0
1, 15, 33.5733051 -111.8629763, 297 56 -1 -1 2 -13.0, 315 56 -1 -1 31 -18.0, 279 56 -1 -1 4 -27.0, 280 56 -1 -1 2 -19.0, 316 56 -1 -1 4 -28.0, 261 56 -1 -1 0 -2.0, 262 56 -1 -1 1 -32.0, 243 56 -1 -1 4 -5.0, 225 56 -1 -1 2 -22.0, 298 56 -1 -1 2 -1.0, 226 56 -1 -1 3 5.0, 244 56 -1 -1 1 6.0, 314 56 -1 -1 6 24.0, 313 56 -1 -1 13 -10.0, 312 56 -1 -1 31 45.0
1, 1, 33.2327553 -111.8574164, 5 36 -1 -1 47 54.0
1, 1, 33.4654529 -112.052224, 5 55 -1 -1 29 61.0
1, 2, 33.394408 -111.718791, 17 47 -1 -1 39 35.0, 18 47 -1 -1 124 137.0
1, 1, 33.6404587 -112.068087, 73 65 -1 -1 65 105.0
0, 4, 33.4065905 -112.0536037, 175 45 -1 -1 2 -24.0, 194 45 -1 -1 1 -5.0, 156 45 -1 -1 4 -51.0, 193 45 -1 -1 2 0.0
1, 1, 33.429348 -111.9090381, 207 46 -1 -1 162 165.0
1, 2, 33.696459 -112.102787, 99 64 -1 -1 20 31.0, 3 74 -1 -1 176 168.0
1, 1, 33.6266157637 -111.925040634, 49 66 -1 -1 367 382.0
1, 1, 33.5324849 -112.2603562, 23 53 -1 -1 166 160.0
1, 2, 33.348448 -111.967297, 15 45 -1 -1 39 40.0, 47 35 -1 -1 158 144.0
1, 3, 33.2886917 -111.8867653, 58 36 -1 -1 19 28.0, 47 36 -1 -1 5 -10.0, 48 36 -1 -1 51 54.0
1, 6, 33.406669 -112.02249, 179 45 -1 -1 36 34.0, 198 45 -1 -1 12 1.0, 178 45 -1 -1 6 2.0, 197 45 -1 -1 7 3.0, 196 45 -1 -1 4 -9.0, 180 45 -1 -1 11 23.0
1, 1, 33.3892 -111.86058, 110 46 -1 -1 38 45.0
1, 8, 33.5726593 -111.7143342, 7 57 -1 -1 18 5.0, 4 57 -1 -1 6 -3.0, 5 57 -1 -1 5 -4.0, 3 57 -1 -1 20 -2.0, 8 57 -1 -1 1 1.0, 1 67 -1 -1 31 8.0, 6 57 -1 -1 21 13.0, 0 67 -1 -1 102 49.0
1, 1, 33.3680425 -111.7561849, 8 47 -1 -1 53 88.0
1, 2, 32.879224 -111.691482, 1 7 -1 -1 28 59.0, 0 7 -1 -1 74 17.0
1, 1, 33.5074894 -112.0475209, 190 55 -1 -1 61 63.0
1, 15, 33.5362437255 -112.185516357, 69 54 -1 -1 10 3.0, 68 54 -1 -1 12 -1.0, 70 54 -1 -1 39 35.0, 58 54 -1 -1 8 4.0, 57 54 -1 -1 7 -1.0, 47 54 -1 -1 11 3.0, 36 54 -1 -1 8 17.0, 37 54 -1 -1 7 -22.0, 25 54 -1 -1 9 4.0, 24 54 -1 -1 11 -2.0, 23 54 -1 -1 7 -13.0, 34 54 -1 -1 9 -2.0, 45 54 -1 -1 6 -2.0, 44 54 -1 -1 5 -1.0, 33 54 -1 -1 6 0.0
0, 2, 33.4345079249 -111.823428869, 216 46 -1 -1 8 -12.0, 233 46 -1 -1 3 0.0
1, 7, 33.698837 -111.888302, 1 76 -1 -1 41 -38.0, 137 66 -1 -1 1 -5.0, 2 76 -1 -1 1 -5.0, 5 76 -1 -1 3 7.0, 6 76 -1 -1 87 27.0, 4 76 -1 -1 23 14.0, 0 76 -1 -1 138 130.0
1, 1, 33.4750738 -112.2206019, 12 54 -1 -1 33 49.0
1, 4, 33.6109646187 -112.133413106, 27 64 -1 -1 28 34.0, 26 64 -1 -1 22 -24.0, 25 64 -1 -1 27 -17.0, 28 64 -1 -1 30 58.0
1, 3, 33.4802944 -112.0318284, 77 55 -1 -1 48 41.0, 76 55 -1 -1 23 -1.0, 78 55 -1 -1 29 131.0
0, 1, 33.595333851 -111.799641659, 23 66 -1 -1 6 82.0
1, 1, 33.299715 -111.951678, 34 35 -1 -1 85 156.0
1, 1, 33.3792725 -111.6910475, 18 47 -1 -1 124 137.0
1, 2, 33.321342 -111.982554, 39 35 -1 -1 71 47.0, 40 35 -1 -1 268 273.0
1, 2, 33.6071604 -112.0632597, 26 65 -1 -1 44 24.0, 25 65 -1 -1 50 63.0
1, 1, 33.4878314 -112.0304322, 100 55 -1 -1 49 47.0
1, 1, 33.4576585 -112.0723168, 344 45 -1 -1 310 312.0
1, 1, 33.335776 -111.875778, 114 36 -1 -1 122 85.0
1, 2, 33.3836411 -111.7381072, 16 47 -1 -1 58 30.0, 15 47 -1 -1 138 102.0
1, 2, 33.393499 -111.900051, 106 46 -1 -1 29 40.0, 105 46 -1 -1 79 100.0
1, 1, 33.3180465 -111.9759674, 40 35 -1 -1 268 273.0
1, 1, 33.5686041 -111.8872046, 294 56 -1 -1 79 67.0
1, 1, 33.5173991 -112.0824683, 231 55 -1 -1 58 57.0
1, 7, 33.234236 -111.820182, 8 36 -1 -1 1 4.0, 9 36 -1 -1 0 -21.0, 19 36 -1 -1 2 -47.0, 3 26 -1 -1 45 -1.0, 6 36 -1 -1 0 -2.0, 17 36 -1 -1 10 -2.0, 2 26 -1 -1 52 0.0
1, 5, 33.6528381 -112.2386168, 60 64 -1 -1 41 40.0, 19 63 -1 -1 27 -2.0, 24 63 -1 -1 13 -3.0, 23 63 -1 -1 11 -40.0, 50 64 -1 -1 64 58.0
1, 1, 33.317906 -111.964138, 40 35 -1 -1 268 273.0
1, 1, 33.4493843 -112.0731077, 306 45 -1 -1 465 442.0
1, 2, 33.6546933 -112.0981494, 69 64 -1 -1 34 25.0, 59 64 -1 -1 40 101.0
1, 1, 33.5785774 -111.880463, 312 56 -1 -1 31 45.0
1, 3, 33.379066 -111.8777136, 74 46 -1 -1 46 40.0, 73 46 -1 -1 37 -3.0, 57 46 -1 -1 22 42.0
1, 1, 33.479977 -112.00354, 82 55 -1 -1 102 137.0
1, 1, 33.45894453 -112.072181313, 344 45 -1 -1 310 312.0
1, 1, 33.3050269 -111.998627, 32 35 -1 -1 142 126.0
1, 1, 33.5735301 -112.1257408, 118 54 -1 -1 99 98.0
1, 1, 33.3031566 -111.7410851, 19 37 -1 -1 114 123.0
1, 2, 33.3897936 -111.8529803, 111 46 -1 -1 48 5.0, 110 46 -1 -1 38 45.0
0, 2, 33.79029 -112.828974, 70 None -1 -1 0 17.0, 80 None -1 -1 3 -1.0
1, 8, 33.4600062 -112.1346135, 14 44 -1 -1 69 72.0, 8 54 -1 -1 23 -27.0, 19 54 -1 -1 31 -8.0, 20 54 -1 -1 51 -32.0, 6 54 -1 -1 19 -38.0, 10 44 -1 -1 30 -11.0, 18 54 -1 -1 27 -70.0, 7 54 -1 -1 41 105.0
1, 1, 33.6411514 -112.2193658, 51 64 -1 -1 63 54.0
1, 1, 33.581036 -111.878994, 4 66 -1 -1 141 134.0
1, 1, 33.590152 -111.960174, 22 65 -1 -1 47 71.0
1, 2, 33.517587 -112.064795, 233 55 -1 -1 41 25.0, 256 55 -1 -1 113 113.0
1, 1, 33.4354634 -112.0069893, 276 45 -1 -1 540 600.0
1, 1, 33.4501973 -112.0738185, 305 45 -1 -1 464 508.0
1, 1, 33.6234604141 -111.926204899, 48 66 -1 -1 191 218.0
1, 1, 33.3060593 -111.8754725, 81 36 -1 -1 95 96.0
1, 1, 33.3060616 -111.8748501, 81 36 -1 -1 95 96.0
0, 1, 33.5829855 -112.1705029, 4 64 -1 -1 25 230.0
1, 1, 33.426962 -111.905026, 190 46 -1 -1 102 92.0
1, 1, 33.406716 -111.926727, 137 46 -1 -1 71 78.0
0, 1, 33.5635997 -112.0828883, 437 55 -1 -1 12 42.0
1, 5, 33.4660935 -112.1179736, 8 54 -1 -1 23 -27.0, 19 54 -1 -1 31 -8.0, 20 54 -1 -1 51 -32.0, 18 54 -1 -1 27 -70.0, 9 54 -1 -1 26 85.0
1, 3, 33.3720573 -111.9631837, 91 45 -1 -1 10 -6.0, 72 45 -1 -1 12 -34.0, 90 45 -1 -1 101 88.0
1, 1, 33.6834408 -111.9660359, 129 65 -1 -1 167 185.0
1, 5, 33.538449 -112.1802777, 81 54 -1 -1 118 1.0, 70 54 -1 -1 39 35.0, 69 54 -1 -1 10 3.0, 68 54 -1 -1 12 -1.0, 92 54 -1 -1 21 27.0
1, 2, 33.318093 -111.982438, 39 35 -1 -1 71 47.0, 32 35 -1 -1 142 126.0
1, 2, 33.289589 -111.876912, 59 36 -1 -1 19 43.0, 70 36 -1 -1 30 52.0
1, 1, 33.624662 -111.943525, 59 65 -1 -1 70 95.0
1, 1, 33.635712 -112.203594, 42 64 -1 -1 60 49.0
0, 1, 33.3924845 -111.7867204, 14 47 -1 -1 64 85.0
1, 1, 33.3056416 -111.9451182, 34 35 -1 -1 85 156.0
1, 1, 33.5825532 -111.9301931, 0 66 -1 -1 243 222.0
1, 1, 33.5025941 -111.9296765, 109 56 -1 -1 514 533.0
1, 1, 33.4231407 -111.9307165, 187 46 -1 -1 179 175.0
1, 2, 33.4001439 -111.9566197, 168 45 -1 -1 36 29.0, 149 45 -1 -1 26 71.0
1, 1, 33.3208924 -111.9686252, 40 35 -1 -1 268 273.0
1, 2, 33.567216 -112.065588, 463 55 -1 -1 38 17.0, 462 55 -1 -1 50 48.0
1, 3, 33.4221542 -111.8660529, 195 46 -1 -1 31 9.0, 194 46 -1 -1 11 -5.0, 212 46 -1 -1 28 42.0
1, 1, 33.6397913 -112.2245556, 51 64 -1 -1 63 54.0
1, 1, 33.3931628 -111.9080584, 105 46 -1 -1 79 100.0
1, 1, 33.3354982 -111.77022, 30 37 -1 -1 88 81.0
1, 1, 33.712245 -112.101899, 3 74 -1 -1 176 187.0
1, 1, 33.4659933 -112.0822105, 1 55 -1 -1 66 96.0
1, 6, 33.071648 -112.048298, 2 15 -1 -1 61 107.0, 0 15 -1 -1 16 14.0, 14 None -1 -1 0 -1.0, 0 25 -1 -1 2 1.0, 3 15 -1 -1 1 4.0, 1 15 -1 -1 2 0.0
0, 2, 33.801592 -112.283915, 3 73 -1 -1 7 8.0, 8 74 -1 -1 4 0.0
1, 1, 33.4074374 -111.9096729, 139 46 -1 -1 110 62.0
1, 6, 33.604316 -112.222555, 21 64 -1 -1 25 14.0, 22 64 -1 -1 16 -2.0, 20 64 -1 -1 40 17.0, 31 64 -1 -1 16 15.0, 32 64 -1 -1 16 -2.0, 30 64 -1 -1 17 116.0
1, 2, 33.6485453 -112.2347549, 50 64 -1 -1 64 28.0, 40 64 -1 -1 183 178.0
1, 1, 33.4483771 -112.0740373, 305 45 -1 -1 464 472.0
1, 1, 33.334536 -111.846555, 105 36 -1 -1 56 86.0
1, 1, 33.344357 -111.842811, 116 36 -1 -1 40 52.0
1, 2, 33.5412603 -112.0648613, 348 55 -1 -1 10 37.0, 325 55 -1 -1 56 63.0
1, 1, 33.456877 -112.064901, 345 45 -1 -1 41 77.0
1, 1, 33.305465 -111.872363, 81 36 -1 -1 95 134.0
1, 3, 33.243555 -111.859284, 16 36 -1 -1 9 29.0, 17 36 -1 -1 10 -11.0, 15 36 -1 -1 9 0.0
1, 2, 33.4932884 -112.286085, 10 53 -1 -1 47 44.0, 4 53 -1 -1 79 178.0
1, 1, 33.5102068 -112.0272041, 216 55 -1 -1 315 333.0
1, 1, 33.639174 -112.198912, 52 64 -1 -1 50 74.0
1, 1, 33.37714 -111.965209, 110 45 -1 -1 74 51.0
1, 1, 33.4139364 -111.9265784, 154 46 -1 -1 90 68.0
1, 4, 33.2617999 -111.8602743, 38 36 -1 -1 93 -31.0, 49 36 -1 -1 34 -4.0, 37 36 -1 -1 31 49.0, 48 36 -1 -1 51 39.0
1, 1, 33.3806084 -111.7537779, 15 47 -1 -1 138 151.0
1, 1, 33.3872039 -111.935773, 102 46 -1 -1 63 49.0
1, 5, 33.437482 -112.174813, 13 44 -1 -1 58 75.0, 3 54 -1 -1 5 -1.0, 4 54 -1 -1 29 5.0, 12 44 -1 -1 38 8.0, 14 54 -1 -1 7 50.0
1, 1, 33.3237347416 -111.8747445, 92 36 -1 -1 83 94.0
1, 1, 33.491344 -112.073263, 117 55 -1 -1 105 59.0
1, 1, 33.4297511559 -111.908565716, 207 46 -1 -1 162 174.0
1, 1, 33.383123 -111.964485, 129 45 -1 -1 46 54.0
1, 1, 33.3929295 -111.9308611, 102 46 -1 -1 63 49.0
1, 2, 33.638733 -112.100435, 59 64 -1 -1 40 36.0, 49 64 -1 -1 130 100.0
1, 1, 33.4951108 -112.0549799, 143 55 -1 -1 48 62.0
1, 3, 33.688332 -112.082222, 132 65 -1 -1 4 1.0, 133 65 -1 -1 3 -13.0, 120 65 -1 -1 25 57.0
1, 2, 33.4932884 -112.286085, 10 53 -1 -1 47 44.0, 4 53 -1 -1 79 178.0
1, 1, 33.58462 -112.011927, 6 65 -1 -1 127 136.0
1, 1, 33.424129863 -111.9418474, 246 45 -1 -1 445 329.0
1, 1, 33.3782402 -111.9324409, 68 46 -1 -1 73 113.0
1, 2, 33.393841 -111.842039, 129 46 -1 -1 19 21.0, 112 46 -1 -1 38 60.0
1, 1, 33.4296184 -111.9444466, 265 45 -1 -1 247 281.0
1, 1, 33.4068343 -112.0235948, 179 45 -1 -1 36 58.0
1, 1, 33.4903412 -111.9178241, 74 56 -1 -1 121 119.0
1, 1, 33.546608 -112.047023, 374 55 -1 -1 73 99.0
1, 1, 33.6986912 -111.9162603, 0 76 -1 -1 138 148.0
1, 2, 33.445326 -111.735537, 37 47 -1 -1 22 19.0, 44 47 -1 -1 21 71.0
1, 1, 33.581506 -111.92342, 1 66 -1 -1 210 242.0
1, 3, 33.645618 -111.897422, 75 66 -1 -1 37 43.0, 87 66 -1 -1 11 -1.0, 63 66 -1 -1 48 118.0
1, 3, 33.5978508 -112.0121845, 18 65 -1 -1 39 33.0, 19 65 -1 -1 33 -25.0, 6 65 -1 -1 127 136.0
1, 1, 33.511391 -112.069119, 210 55 -1 -1 98 146.0
1, 1, 33.5092663 -112.0372733, 214 55 -1 -1 145 140.0
1, 1, 33.3076635 -111.8413595, 84 36 -1 -1 97 81.0
1, 1, 33.4206322 -111.9479687, 245 45 -1 -1 270 259.0
1, 5, 33.6372083 -112.0307759, 64 65 -1 -1 32 9.0, 65 65 -1 -1 19 -6.0, 63 65 -1 -1 14 -45.0, 52 65 -1 -1 35 29.0, 53 65 -1 -1 21 44.0
0, 1, 33.3771903 -111.9520135, 112 45 -1 -1 29 60.0
1, 2, 33.3941983 -111.839969, 130 46 -1 -1 30 35.0, 147 46 -1 -1 13 96.0
1, 1, 33.564852 -111.9255724, 271 56 -1 -1 124 91.0
1, 1, 33.5531106 -112.1361263, 95 54 -1 -1 59 121.0
1, 1, 33.4739839 -112.0741725, 48 55 -1 -1 127 134.0
1, 1, 33.381412 -111.787222, 14 47 -1 -1 64 117.0
1, 1, 33.31898 -111.97993, 40 35 -1 -1 268 256.0
1, 1, 33.494436 -111.986521, 153 55 -1 -1 121 138.0
1, 1, 33.684175 -112.085953, 120 65 -1 -1 25 57.0
0, 2, 33.480732 -111.950518, 90 55 -1 -1 18 29.0, 91 55 -1 -1 5 26.0
1, 1, 33.5667871934 -111.924934387, 271 56 -1 -1 124 91.0
1, 1, 33.6755797 -111.9648884, 117 65 -1 -1 66 98.0
1, 4, 33.53226 -112.17908, 70 54 -1 -1 39 45.0, 69 54 -1 -1 10 -12.0, 71 54 -1 -1 22 -1.0, 81 54 -1 -1 118 155.0
1, 1, 33.3068175 -111.7214945, 26 37 -1 -1 145 142.0
1, 1, 33.5846244 -111.9777181, 8 65 -1 -1 142 177.0
1, 1, 33.4932316 -111.9240949, 73 56 -1 -1 1262 1272.0
1, 11, 33.2813397699 -111.79146011, 54 36 -1 -1 55 -8.0, 43 36 -1 -1 16 -24.0, 32 36 -1 -1 1 -19.0, 21 36 -1 -1 1 -22.0, 12 37 -1 -1 16 -36.0, 20 36 -1 -1 3 -17.0, 6 37 -1 -1 2 -3.0, 0 37 -1 -1 3 -15.0, 7 37 -1 -1 9 -3.0, 1 37 -1 -1 2 -8.0, 65 36 -1 -1 26 0.0
1, 1, 33.3339883231 -111.877738237, 103 36 -1 -1 47 89.0
1, 1, 33.5808249 -112.1429435, 6 64 -1 -1 38 57.0
1, 1, 33.3193648 -111.9671696, 40 35 -1 -1 268 256.0
1, 1, 33.3924711 -111.9098443, 105 46 -1 -1 79 61.0
1, 1, 33.4792848 -111.9870229, 84 55 -1 -1 56 61.0
1, 2, 33.640146 -112.030416, 76 65 -1 -1 38 22.0, 88 65 -1 -1 17 46.0
1, 1, 33.3067291 -111.7221904, 26 37 -1 -1 145 142.0
1, 2, 33.407464 -111.939444, 208 45 -1 -1 35 20.0, 136 46 -1 -1 71 81.0
1, 1, 33.6755797 -111.9648884, 117 65 -1 -1 66 98.0
0, 1, 33.42 -111.82, 183 46 -1 -1 22 48.0
1, 1, 33.4758146 -112.3584631, 1 53 -1 -1 123 100.0
1, 1, 33.3784689 -111.78723, 7 47 -1 -1 61 69.0
1, 1, 33.6556786 -112.1534739, 65 64 -1 -1 15 58.0
1, 4, 33.3637468 -111.9277022, 35 46 -1 -1 43 23.0, 18 46 -1 -1 9 -43.0, 19 46 -1 -1 11 -63.0, 52 46 -1 -1 35 78.0
1, 2, 33.4034017 -112.0086668, 181 45 -1 -1 35 33.0, 180 45 -1 -1 11 33.0
1, 2, 33.4877814299 -112.031467529, 100 55 -1 -1 49 31.0, 77 55 -1 -1 48 0.0
1, 2, 33.498803 -112.069113, 164 55 -1 -1 26 30.0, 141 55 -1 -1 44 59.0
1, 3, 33.492053 -112.332821, 8 53 -1 -1 32 54.0, 14 53 -1 -1 7 -33.0, 7 53 -1 -1 118 103.0
1, 5, 33.3047929 -111.944994, 34 35 -1 -1 85 -18.0, 66 36 -1 -1 3 -20.0, 67 36 -1 -1 8 -6.0, 55 36 -1 -1 3 -3.0, 33 35 -1 -1 154 126.0
1, 3, 33.401362 -111.728268, 23 47 -1 -1 22 -7.0, 16 47 -1 -1 58 52.0, 15 47 -1 -1 138 151.0
1, 1, 33.6397913 -112.2245556, 51 64 -1 -1 63 55.0
1, 1, 33.5530966 -112.1357952, 95 54 -1 -1 59 121.0
1, 1, 33.499705 -111.927222, 91 56 -1 -1 1396 1410.0
1, 1, 33.6407152 -111.9842585, 80 65 -1 -1 45 54.0
1, 8, 33.574396 -112.064623, 486 55 -1 -1 30 -20.0, 463 55 -1 -1 38 -7.0, 462 55 -1 -1 50 -14.0, 461 55 -1 -1 12 -32.0, 487 55 -1 -1 8 -27.0, 509 55 -1 -1 42 -31.0, 508 55 -1 -1 9 -42.0, 507 55 -1 -1 8 69.0
1, 2, 33.6851678 -111.9254928, 121 66 -1 -1 11 -3.0, 122 66 -1 -1 5 0.0
1, 1, 33.3788919 -111.8779993, 74 46 -1 -1 46 73.0
1, 2, 33.5361443 -112.3581672, 19 53 -1 -1 13 23.0, 25 53 -1 -1 7 0.0
1, 1, 33.5123433 -112.0472951, 213 55 -1 -1 103 103.0
1, 1, 33.4576538195 -112.302675247, 14 43 -1 -1 48 81.0
1, 1, 33.5839404 -111.9787698, 8 65 -1 -1 142 177.0
1, 1, 33.530234 -111.925621, 181 56 -1 -1 170 151.0
1, 1, 33.640076 -112.004291, 78 65 -1 -1 48 65.0
1, 1, 33.4555828 -112.0736239, 324 45 -1 -1 206 191.0
1, 1, 33.4810601 -111.9089801, 39 56 -1 -1 87 106.0
1, 4, 33.304861 -111.927065, 77 36 -1 -1 30 33.0, 66 36 -1 -1 3 -30.0, 67 36 -1 -1 8 -36.0, 34 35 -1 -1 85 108.0
1, 1, 33.5572121 -112.2559789, 29 53 -1 -1 57 63.0
1, 1, 33.522488 -112.111695, 64 54 -1 -1 32 48.0
1, 1, 33.626109 -111.924591, 49 66 -1 -1 367 362.0
1, 3, 33.4958679 -112.1392429, 40 54 -1 -1 16 12.0, 39 54 -1 -1 22 -12.0, 41 54 -1 -1 31 74.0
1, 3, 33.3783016 -111.906522, 71 46 -1 -1 59 22.0, 88 46 -1 -1 30 -19.0, 54 46 -1 -1 33 41.0
1, 3, 33.574712 -112.186401, 113 54 -1 -1 13 -53.0, 112 54 -1 -1 12 -18.0, 3 64 -1 -1 32 82.0
1, 1, 33.4217517 -111.9513564, 245 45 -1 -1 270 316.0
1, 1, 33.3652919684 -111.787699265, 7 47 -1 -1 61 75.0
1, 13, 33.7087646 -112.2723745, 1 73 -1 -1 50 30.0, 0 73 -1 -1 29 1.0, 4 74 -1 -1 5 4.0, 22 63 -1 -1 7 3.0, 17 63 -1 -1 6 4.0, 18 63 -1 -1 13 11.0, 19 63 -1 -1 27 40.0, 70 64 -1 -1 13 58.0, 80 64 -1 -1 32 1.0, 90 64 -1 -1 4 -4.0, 23 63 -1 -1 11 2.0, 0 74 -1 -1 11 4.0, 24 63 -1 -1 13 17.0
1, 1, 33.5801063 -112.2645235, 4 63 -1 -1 72 71.0
1, 1, 33.488869 -111.92575, 73 56 -1 -1 1262 1275.0
1, 1, 33.670568 -112.201736, 72 64 -1 -1 61 75.0
1, 1, 33.336677 -111.856635, 115 36 -1 -1 102 77.0
1, 3, 33.388084 -111.773812, 14 47 -1 -1 64 17.0, 101 46 -1 -1 10 -10.0, 15 47 -1 -1 138 149.0
1, 2, 33.451656 -112.063099, 326 45 -1 -1 42 9.0, 307 45 -1 -1 203 167.0
1, 4, 33.4366879 -111.696106, 39 47 -1 -1 25 -38.0, 46 47 -1 -1 31 -21.0, 47 47 -1 -1 1 -3.0, 32 47 -1 -1 41 95.0
1, 1, 33.416355 -111.685046, 32 47 -1 -1 41 95.0
1, 4, 33.4795094 -112.1125311, 20 54 -1 -1 51 41.0, 9 54 -1 -1 26 -59.0, 8 54 -1 -1 23 2.0, 10 54 -1 -1 35 50.0
1, 9, 33.6066542 -111.7202896, 1 67 -1 -1 84 101.0, 4 67 -1 -1 3 -17.0, 7 57 -1 -1 18 -5.0, 3 67 -1 -1 5 -1.0, 6 57 -1 -1 21 -1.0, 5 67 -1 -1 2 3.0, 8 57 -1 -1 1 2.0, 2 67 -1 -1 20 13.0, 0 67 -1 -1 20 51.0
1, 1, 33.304703 -111.981558, 33 35 -1 -1 154 157.0
1, 5, 33.4514118 -112.1507916, 14 44 -1 -1 69 70.0, 5 54 -1 -1 36 -53.0, 8 54 -1 -1 23 2.0, 9 54 -1 -1 26 -47.0, 6 54 -1 -1 19 47.0
1, 5, 33.3501281 -111.9286947, 1 46 -1 -1 24 27.0, 18 46 -1 -1 9 -3.0, 19 46 -1 -1 11 -13.0, 17 46 -1 -1 13 -43.0, 110 36 -1 -1 30 78.0
1, 3, 33.3487772 -111.8772769, 6 46 -1 -1 18 1.0, 7 46 -1 -1 21 -2.0, 114 36 -1 -1 122 144.0
1, 10, 33.6021123 -112.2900255, 3 63 -1 -1 28 28.0, 33 53 -1 -1 8 -4.0, 27 53 -1 -1 16 9.0, 28 53 -1 -1 71 21.0, 29 53 -1 -1 57 8.0, 26 53 -1 -1 8 2.0, 32 53 -1 -1 3 9.0, 35 53 -1 -1 35 20.0, 8 63 -1 -1 40 41.0, 4 63 -1 -1 72 59.0
1, 1, 33.5025941 -111.9296765, 109 56 -1 -1 514 476.0
1, 1, 33.4220864 -111.9243668, 188 46 -1 -1 144 141.0
1, 1, 33.639378 -112.203548, 52 64 -1 -1 50 54.0
1, 1, 33.320339 -111.97731, 40 35 -1 -1 268 248.0
1, 5, 33.7801176 -111.9257696, 8 76 -1 -1 32 75.0, 9 76 -1 -1 1 4.0, 4 76 -1 -1 23 12.0, 5 76 -1 -1 3 1.0, 8 75 -1 -1 15 11.0
1, 1, 33.670125 -112.187708, 73 64 -1 -1 77 49.0
1, 19, 33.4505172 -111.684032, 46 47 -1 -1 31 -21.0, 39 47 -1 -1 25 -38.0, 47 47 -1 -1 1 -3.0, 2 57 -1 -1 34 6.0, 40 47 -1 -1 0 2.0, 32 47 -1 -1 41 95.0, 25 47 -1 -1 28 15.0, 26 47 -1 -1 6 1.0, 27 47 -1 -1 1 -7.0, 34 47 -1 -1 1 -7.0, 24 47 -1 -1 14 -5.0, 23 47 -1 -1 22 3.0, 30 47 -1 -1 41 12.0, 37 47 -1 -1 22 4.0, 44 47 -1 -1 21 7.0, 31 47 -1 -1 15 23.0, 1 57 -1 -1 30 35.0, 33 47 -1 -1 19 25.0, 41 47 -1 -1 1 27.0
1, 3, 33.5387480905 -112.188013805, 80 54 -1 -1 23 21.0, 69 54 -1 -1 10 -108.0, 81 54 -1 -1 118 100.0
1, 1, 33.4235796 -111.9392896, 246 45 -1 -1 445 442.0
1, 1, 33.30771 -111.984878, 32 35 -1 -1 142 185.0
1, 1, 33.6286457243 -111.891578436, 51 66 -1 -1 269 198.0
1, 1, 33.3804367 -111.7538579, 15 47 -1 -1 138 149.0
1, 3, 33.616146 -111.915061, 37 66 -1 -1 27 -29.0, 38 66 -1 -1 40 -18.0, 49 66 -1 -1 367 362.0
1, 1, 33.4274091 -111.9067997, 190 46 -1 -1 102 92.0
1, 8, 33.238059 -111.721032, 2 37 -1 -1 17 -9.0, 1 37 -1 -1 2 -37.0, 0 37 -1 -1 3 -2.0, 27 None -1 -1 60 12.0, 3 37 -1 -1 10 3.0, 8 37 -1 -1 15 11.0, 7 37 -1 -1 9 -10.0, 6 37 -1 -1 2 0.0
1, 3, 33.4965366 -112.1336024, 40 54 -1 -1 16 12.0, 39 54 -1 -1 22 -12.0, 41 54 -1 -1 31 74.0
1, 1, 33.4628486 -112.3408646, 1 53 -1 -1 123 118.0
1, 2, 33.524083 -112.065409, 279 55 -1 -1 22 -1.0, 256 55 -1 -1 113 56.0
1, 1, 33.393595 -111.871082, 109 46 -1 -1 46 0.0
1, 11, 33.3312 -112.0494, 43 35 -1 -1 2 -34.0, 5 45 -1 -1 0 -14.0, 44 35 -1 -1 3 -3.0, 42 35 -1 -1 1 -3.0, 2 45 -1 -1 0 -89.0, 4 45 -1 -1 1 2.0, 24 45 -1 -1 2 5.0, 36 35 -1 -1 0 37.0, 29 35 -1 -1 17 -27.0, 22 35 -1 -1 0 -2.0, 23 35 -1 -1 4 0.0
1, 1, 33.605972 -112.066355, 25 65 -1 -1 50 46.0
0, 13, 33.3780928 -112.1031914, 7 44 -1 -1 24 28.0, 95 45 -1 -1 1 -26.0, 96 45 -1 -1 4 -8.0, 114 45 -1 -1 1 -43.0, 133 45 -1 -1 2 -1.0, 152 45 -1 -1 0 -1.0, 6 44 -1 -1 26 6.0, 11 44 -1 -1 51 31.0, 10 44 -1 -1 30 13.0, 153 45 -1 -1 10 14.0, 115 45 -1 -1 1 31.0, 171 45 -1 -1 1 19.0, 172 45 -1 -1 4 82.0
1, 2, 33.4948057 -112.0535863, 143 55 -1 -1 48 33.0, 142 55 -1 -1 57 97.0
1, 1, 33.6342987 -111.885213, 64 66 -1 -1 47 55.0
1, 1, 33.380304 -111.688796, 18 47 -1 -1 124 130.0
1, 2, 33.5829855 -112.1705029, 4 64 -1 -1 25 26.0, 3 64 -1 -1 32 82.0
1, 1, 33.6378944 -112.2716512, 13 63 -1 -1 42 85.0
1, 2, 33.333038 -111.860477, 104 36 -1 -1 44 -16.0, 93 36 -1 -1 106 152.0
1, 2, 33.597322 -112.014589, 17 65 -1 -1 39 -11.0, 18 65 -1 -1 39 58.0
1, 2, 33.4957701 -112.1135009, 42 54 -1 -1 38 27.0, 41 54 -1 -1 31 74.0
1, 1, 33.5241286 -111.9276803, 163 56 -1 -1 183 152.0
1, 3, 33.5832797 -112.1515363, 5 64 -1 -1 35 13.0, 15 64 -1 -1 17 -70.0, 6 64 -1 -1 38 54.0
1, 1, 33.3066349 -111.7591888, 25 37 -1 -1 190 167.0
1, 1, 33.590265 -112.055422, 14 65 -1 -1 30 70.0
1, 1, 33.4133447 -111.9089768, 156 46 -1 -1 48 47.0
1, 1, 33.7144779 -112.1119447, 3 74 -1 -1 176 127.0
1, 10, 33.603017 -112.292999, 3 63 -1 -1 28 28.0, 33 53 -1 -1 8 -4.0, 27 53 -1 -1 16 6.0, 28 53 -1 -1 71 15.0, 29 53 -1 -1 57 5.0, 35 53 -1 -1 35 17.0, 26 53 -1 -1 8 2.0, 32 53 -1 -1 3 11.0, 8 63 -1 -1 40 41.0, 7 63 -1 -1 24 40.0
1, 1, 33.4570031 -112.0895509, 15 44 -1 -1 131 140.0
1, 1, 33.465169 -112.271901, 4 53 -1 -1 79 77.0
1, 1, 33.654353214 -112.083579912, 84 65 -1 -1 25 55.0
1, 1, 33.5612361 -112.0737398, 439 55 -1 -1 30 44.0
1, 1, 33.380981 -111.7396444, 16 47 -1 -1 58 100.0
1, 2, 33.3848019 -111.9088668, 88 46 -1 -1 30 -19.0, 105 46 -1 -1 79 82.0
1, 1, 33.4941704 -111.9260519, 73 56 -1 -1 1262 1275.0
1, 1, 33.3350531 -111.9445728, 48 35 -1 -1 83 70.0
1, 1, 33.3545993 -111.7898391, 33 46 -1 -1 185 165.0
1, 1, 33.624524 -111.929685, 48 66 -1 -1 191 206.0
1, 1, 33.552138 -112.26137, 29 53 -1 -1 57 63.0
1, 1, 33.394647 -111.907936, 122 46 -1 -1 74 83.0
1, 2, 33.5079961 -111.8915642, 113 56 -1 -1 10 37.0, 131 56 -1 -1 9 47.0
1, 1, 33.2664769 -111.9918702, 18 35 -1 -1 61 80.0
1, 1, 33.454367 -111.926918, 256 46 -1 -1 130 166.0
1, 1, 33.3614404 -111.9108738, 37 46 -1 -1 70 128.0
1, 1, 33.5670375 -111.9184649, 290 56 -1 -1 36 74.0
1, 1, 33.6258709 -112.013891, 54 65 -1 -1 48 53.0
1, 1, 33.3020707 -111.8418631, 73 36 -1 -1 121 107.0
1, 1, 33.447682 -112.078314, 305 45 -1 -1 464 405.0
1, 1, 33.48124 -111.90979, 39 56 -1 -1 87 106.0
1, 1, 33.460134 -112.0777852, 343 45 -1 -1 82 84.0
1, 2, 33.6294591 -112.0135505, 66 65 -1 -1 20 -8.0, 54 65 -1 -1 48 53.0
1, 3, 33.6395462 -112.0855301, 72 65 -1 -1 41 5.0, 60 65 -1 -1 12 -68.0, 49 64 -1 -1 130 73.0
1, 4, 33.799849 -112.126087, 15 74 -1 -1 48 58.0, 11 74 -1 -1 6 -13.0, 7 74 -1 -1 17 1.0, 6 74 -1 -1 7 0.0
1, 1, 33.3902359 -111.789758, 118 46 -1 -1 55 54.0
1, 2, 33.48803 -112.0815965, 93 55 -1 -1 50 24.0, 116 55 -1 -1 149 138.0
1, 2, 33.5792741 -112.1339291, 117 54 -1 -1 33 42.0, 118 54 -1 -1 99 90.0
1, 1, 33.4659655 -112.021825, 10 55 -1 -1 18 42.0
1, 1, 33.5786879 -111.9247112, 307 56 -1 -1 57 53.0
1, 1, 33.5214274 -112.0651938, 256 55 -1 -1 113 56.0
1, 2, 33.3786263 -111.8484461, 78 46 -1 -1 29 34.0, 95 46 -1 -1 35 49.0
1, 1, 33.378951 -111.966547, 110 45 -1 -1 74 68.0
1, 1, 33.659612 -112.247472, 19 63 -1 -1 27 96.0
1, 3, 33.5386523 -112.1859866, 80 54 -1 -1 23 21.0, 69 54 -1 -1 10 -108.0, 81 54 -1 -1 118 100.0
1, 2, 33.659688 -112.115841, 68 64 -1 -1 20 38.0, 58 64 -1 -1 68 107.0
